2026-01-13 09:10:11,452 [INFO] Activator:176 - 


2026-01-13 09:10:11,454 [INFO] Activator:177 - !SESSION log4j initialized
2026-01-13 09:10:14,920 [INFO] LogOutputStream:77 - [STDOUT_REDIRECT] 
2026-01-13 09:12:04,574 [INFO] ApplicationProperties:184 - Using Application install path: C:\ST\STM32CubeIDE_1.17.0\STM32CubeIDE\plugins\com.st.stm32cube.common.mx_6.13.0.202411220809
2026-01-13 09:12:04,594 [INFO] DbMcusXml:78 - Set database path to: C:\ST\STM32CubeIDE_1.17.0\STM32CubeIDE\plugins\com.st.stm32cube.common.mx_6.13.0.202411220809\\db\/mcu/
2026-01-13 09:12:04,595 [INFO] ApiDb:274 - Set plugin database path to: C:\ST\STM32CubeIDE_1.17.0\STM32CubeIDE\plugins\com.st.stm32cube.common.mx_6.13.0.202411220809\\db\/plugins/boardmanager/
2026-01-13 09:12:04,595 [WARN] ApiDb:259 - Overriding images path with different value:  => C:\ST\STM32CubeIDE_1.17.0\STM32CubeIDE\plugins\com.st.stm32cube.common.mx_6.13.0.202411220809\\db\/plugins/mcufinder/images/
2026-01-13 09:12:04,606 [INFO] ApiDb:250 - Set database path to: C:\Users\alvin\.stmcufinder\plugins\mcufinder//mcu/
2026-01-13 09:12:04,607 [INFO] DbMcusAds:125 - Set database path to: C:\Users\alvin\.stmcufinder\plugins\mcufinder//mcu/
2026-01-13 09:12:04,709 [INFO] CrossReferenceDbSqlite:203 - Set database path to: C:\Users\alvin\.stmcufinder\plugins\mcufinder//mcu/cs/
2026-01-13 09:12:04,828 [INFO] RulesReader:64 - Compatibility file has been processed (297 Rules)
2026-01-13 09:12:04,928 [INFO] DbMcusXml:78 - Set database path to: C:\ST\STM32CubeIDE_1.17.0\STM32CubeIDE\plugins\com.st.stm32cube.common.mx_6.13.0.202411220809\\db\/mcu/
2026-01-13 09:12:04,928 [INFO] ApiDb:274 - Set plugin database path to: C:\ST\STM32CubeIDE_1.17.0\STM32CubeIDE\plugins\com.st.stm32cube.common.mx_6.13.0.202411220809\\db\/plugins/boardmanager/
2026-01-13 09:12:04,928 [INFO] ApiDb:261 - Set plugin images path to: C:\ST\STM32CubeIDE_1.17.0\STM32CubeIDE\plugins\com.st.stm32cube.common.mx_6.13.0.202411220809\\db\/plugins/mcufinder/images/
2026-01-13 09:12:04,928 [WARN] DbFile:41 - Overriding database path with different value: C:\Users\alvin\.stmcufinder\plugins\mcufinder/ => C:\Users\alvin\.stmcufinder\plugins\mcufinder
2026-01-13 09:12:04,928 [INFO] ApiDb:250 - Set database path to: C:\Users\alvin\.stmcufinder\plugins\mcufinder//mcu/
2026-01-13 09:12:04,928 [WARN] DbFile:41 - Overriding database path with different value: C:\Users\alvin\.stmcufinder\plugins\mcufinder/ => C:\Users\alvin\.stmcufinder\plugins\mcufinder
2026-01-13 09:12:04,929 [INFO] DbMcusAds:125 - Set database path to: C:\Users\alvin\.stmcufinder\plugins\mcufinder//mcu/
2026-01-13 09:12:04,929 [WARN] DbFile:41 - Overriding database path with different value: C:\Users\alvin\.stmcufinder\plugins\mcufinder/ => C:\Users\alvin\.stmcufinder\plugins\mcufinder
2026-01-13 09:12:04,929 [WARN] DbFile:41 - Overriding database path with different value: C:\Users\alvin\.stmcufinder\plugins\mcufinder/ => C:\Users\alvin\.stmcufinder\plugins\mcufinder
2026-01-13 09:12:04,929 [INFO] CrossReferenceDbSqlite:203 - Set database path to: C:\Users\alvin\.stmcufinder\plugins\mcufinder//mcu/cs/
2026-01-13 09:12:05,021 [INFO] MainPanel:272 - HeapMemory: 268435456
2026-01-13 09:12:05,144 [INFO] DbMcusXml:78 - Set database path to: C:\ST\STM32CubeIDE_1.17.0\STM32CubeIDE\plugins\com.st.stm32cube.common.mx_6.13.0.202411220809\\db\/mcu/
2026-01-13 09:12:05,144 [INFO] ApiDb:274 - Set plugin database path to: C:\ST\STM32CubeIDE_1.17.0\STM32CubeIDE\plugins\com.st.stm32cube.common.mx_6.13.0.202411220809\\db\/plugins/boardmanager/
2026-01-13 09:12:05,144 [INFO] ApiDb:261 - Set plugin images path to: C:\ST\STM32CubeIDE_1.17.0\STM32CubeIDE\plugins\com.st.stm32cube.common.mx_6.13.0.202411220809\\db\/plugins/mcufinder/images/
2026-01-13 09:12:05,144 [WARN] DbFile:41 - Overriding database path with different value: C:\Users\alvin\.stmcufinder\plugins\mcufinder/ => C:\Users\alvin\.stmcufinder\plugins\mcufinder
2026-01-13 09:12:05,145 [INFO] ApiDb:250 - Set database path to: C:\Users\alvin\.stmcufinder\plugins\mcufinder//mcu/
2026-01-13 09:12:05,145 [WARN] DbFile:41 - Overriding database path with different value: C:\Users\alvin\.stmcufinder\plugins\mcufinder/ => C:\Users\alvin\.stmcufinder\plugins\mcufinder
2026-01-13 09:12:05,145 [INFO] DbMcusAds:125 - Set database path to: C:\Users\alvin\.stmcufinder\plugins\mcufinder//mcu/
2026-01-13 09:12:05,145 [WARN] DbFile:41 - Overriding database path with different value: C:\Users\alvin\.stmcufinder\plugins\mcufinder/ => C:\Users\alvin\.stmcufinder\plugins\mcufinder
2026-01-13 09:12:05,145 [WARN] DbFile:41 - Overriding database path with different value: C:\Users\alvin\.stmcufinder\plugins\mcufinder/ => C:\Users\alvin\.stmcufinder\plugins\mcufinder
2026-01-13 09:12:05,145 [INFO] CrossReferenceDbSqlite:203 - Set database path to: C:\Users\alvin\.stmcufinder\plugins\mcufinder//mcu/cs/
2026-01-13 09:12:05,166 [INFO] ApplicationProperties:184 - Using Application install path: C:\ST\STM32CubeIDE_1.17.0\STM32CubeIDE\plugins\com.st.stm32cube.common.mx_6.13.0.202411220809
2026-01-13 09:12:05,168 [INFO] PluginManage:196 - Search for loadable plugins [exclusion list=, ]
2026-01-13 09:12:05,169 [INFO] PluginManage:310 - Check plugin analytics
2026-01-13 09:12:05,357 [INFO] AnalyticsPlugin:253 - Accepted Software Licenses: 
2026-01-13 09:12:05,357 [INFO] AnalyticsPlugin:255 - Accepted CMSIS Pack Licenses: 
2026-01-13 09:12:05,357 [INFO] AnalyticsPlugin:257 - Accepted Firmware Licenses: 
2026-01-13 09:12:05,360 [INFO] PluginManage:359 - Loaded plugin analytics (category:tool,tabindex:-1)
2026-01-13 09:12:05,360 [INFO] PluginManage:310 - Check plugin cadmodel
2026-01-13 09:12:05,386 [INFO] CADModel:105 - Init CAD model plugin
2026-01-13 09:12:05,386 [INFO] PluginManage:359 - Loaded plugin cadmodel (category:power,tabindex:5)
2026-01-13 09:12:05,386 [INFO] PluginManage:310 - Check plugin clock
2026-01-13 09:12:05,413 [INFO] PluginManage:359 - Loaded plugin clock (category:base,tabindex:2)
2026-01-13 09:12:05,413 [INFO] PluginManage:310 - Check plugin ddr
2026-01-13 09:12:05,416 [INFO] PluginManage:359 - Loaded plugin ddr (category:tool,tabindex:6)
2026-01-13 09:12:05,416 [INFO] PluginManage:310 - Check plugin filemanager
2026-01-13 09:12:05,543 [INFO] PluginManage:359 - Loaded plugin filemanager (category:base,tabindex:10)
2026-01-13 09:12:05,543 [INFO] PluginManage:310 - Check plugin ipmanager
2026-01-13 09:12:05,552 [INFO] PluginManage:359 - Loaded plugin ipmanager (category:base,tabindex:5)
2026-01-13 09:12:05,552 [INFO] PluginManage:310 - Check plugin lpbam
2026-01-13 09:12:05,572 [INFO] PluginManage:359 - Loaded plugin lpbam (category:base,tabindex:0)
2026-01-13 09:12:05,572 [INFO] PluginManage:310 - Check plugin memorymap
2026-01-13 09:12:05,605 [INFO] PluginManage:359 - Loaded plugin memorymap (category:base,tabindex:4)
2026-01-13 09:12:05,605 [INFO] PluginManage:310 - Check plugin pinoutandconfiguration
2026-01-13 09:12:05,636 [INFO] PluginManage:359 - Loaded plugin pinoutandconfiguration (category:base,tabindex:1)
2026-01-13 09:12:05,636 [INFO] PluginManage:310 - Check plugin pinoutconfig
2026-01-13 09:12:05,741 [WARN] SupportedApi:132 - Cannot load RTOS API schema: s4s-elt-must-match.1: The content of 'definitions' must match (annotation?, (simpleType | complexType)?, (unique | key | keyref)*)). A problem was found starting at: attribute.
2026-01-13 09:12:05,872 [INFO] PluginManage:359 - Loaded plugin pinoutconfig (category:base,tabindex:0)
2026-01-13 09:12:05,872 [INFO] PluginManage:310 - Check plugin power
2026-01-13 09:12:05,900 [INFO] PluginManage:359 - Loaded plugin power (category:power,tabindex:4)
2026-01-13 09:12:05,900 [INFO] PluginManage:310 - Check plugin projectmanager
2026-01-13 09:12:05,915 [INFO] PluginManage:359 - Loaded plugin projectmanager (category:projectmanager,tabindex:4)
2026-01-13 09:12:05,915 [INFO] PluginManage:310 - Check plugin rif
2026-01-13 09:12:05,939 [INFO] PluginManage:359 - Loaded plugin rif (category:base,tabindex:3)
2026-01-13 09:12:05,940 [INFO] PluginManage:310 - Check plugin thirdparty
2026-01-13 09:12:06,300 [INFO] PluginManage:359 - Loaded plugin thirdparty (category:base,tabindex:-1)
2026-01-13 09:12:06,300 [WARN] IntegrityCheckThread:84 - waiting for thirdparty lock release [integrity check]
2026-01-13 09:12:06,300 [INFO] PluginManage:310 - Check plugin tools
2026-01-13 09:12:06,300 [INFO] IntegrityCheckThread:86 - entering critical section [integrity check]
2026-01-13 09:12:06,301 [INFO] ThirdPartyUpdaterWithRetryManager:70 - Updater plugin not ready yet. [1/15]
2026-01-13 09:12:06,357 [INFO] PluginManage:359 - Loaded plugin tools (category:base,tabindex:7)
2026-01-13 09:12:06,357 [INFO] PluginManage:310 - Check plugin tutovideos
2026-01-13 09:12:06,551 [INFO] PluginManage:359 - Loaded plugin tutovideos (category:base,tabindex:-1)
2026-01-13 09:12:06,551 [INFO] PluginManage:310 - Check plugin updater
2026-01-13 09:12:06,573 [INFO] PluginManage:359 - Loaded plugin updater (category:base,tabindex:12)
2026-01-13 09:12:06,573 [INFO] PluginManage:310 - Check plugin userauth
2026-01-13 09:12:06,578 [INFO] UserAuth:118 - Init User Auth plugin
2026-01-13 09:12:06,579 [INFO] PluginManage:359 - Loaded plugin userauth (category:base,tabindex:14)
2026-01-13 09:12:06,580 [INFO] PluginManage:283 - PluginManage : Loaded plugins [18]
2026-01-13 09:12:06,834 [INFO] PinOutPanel:1589 - setPackage(No Configuration,No Configuration)
2026-01-13 09:12:06,930 [INFO] CADModel:165 - CPN selected for project level
2026-01-13 09:12:06,930 [INFO] CADModel:114 - Register for checkConnection events
2026-01-13 09:12:06,968 [INFO] IPUIPlugin:80 - create IPUIPlugin
2026-01-13 09:12:06,968 [INFO] PluginManager:220 - loadIPPluginJar : add adc
2026-01-13 09:12:07,039 [INFO] IPUIPlugin:80 - create IPUIPlugin
2026-01-13 09:12:07,039 [INFO] PluginManager:220 - loadIPPluginJar : add aes
2026-01-13 09:12:07,110 [INFO] IPUIPlugin:80 - create IPUIPlugin
2026-01-13 09:12:07,110 [INFO] PluginManager:220 - loadIPPluginJar : add can
2026-01-13 09:12:07,153 [INFO] IPUIPlugin:80 - create IPUIPlugin
2026-01-13 09:12:07,153 [INFO] PluginManager:220 - loadIPPluginJar : add comp
2026-01-13 09:12:07,203 [INFO] IPUIPlugin:80 - create IPUIPlugin
2026-01-13 09:12:07,203 [INFO] PluginManager:220 - loadIPPluginJar : add cryp
2026-01-13 09:12:07,220 [INFO] IPUIPlugin:80 - create IPUIPlugin
2026-01-13 09:12:07,221 [INFO] PluginManager:220 - loadIPPluginJar : add ddr_ctrl_phy
2026-01-13 09:12:07,269 [INFO] IPUIPlugin:80 - create IPUIPlugin
2026-01-13 09:12:07,269 [INFO] PluginManager:220 - loadIPPluginJar : add dfsdm
2026-01-13 09:12:07,287 [INFO] IPUIPlugin:80 - create IPUIPlugin
2026-01-13 09:12:07,287 [INFO] PluginManager:220 - loadIPPluginJar : add dma
2026-01-13 09:12:07,370 [INFO] IPUIPlugin:80 - create IPUIPlugin
2026-01-13 09:12:07,371 [INFO] PluginManager:220 - loadIPPluginJar : add dma3
2026-01-13 09:12:07,433 [INFO] IPUIPlugin:80 - create IPUIPlugin
2026-01-13 09:12:07,433 [INFO] PluginManager:220 - loadIPPluginJar : add extmemmanager
2026-01-13 09:12:07,462 [INFO] IPUIPlugin:80 - create IPUIPlugin
2026-01-13 09:12:07,462 [INFO] PluginManager:220 - loadIPPluginJar : add fatfs
2026-01-13 09:12:07,532 [INFO] IPUIPlugin:80 - create IPUIPlugin
2026-01-13 09:12:07,532 [INFO] PluginManager:220 - loadIPPluginJar : add fmc
2026-01-13 09:12:07,552 [INFO] IPUIPlugin:80 - create IPUIPlugin
2026-01-13 09:12:07,553 [INFO] PluginManager:220 - loadIPPluginJar : add freertos
2026-01-13 09:12:07,583 [INFO] IPUIPlugin:80 - create IPUIPlugin
2026-01-13 09:12:07,583 [INFO] PluginManager:220 - loadIPPluginJar : add genericplugin
2026-01-13 09:12:07,713 [INFO] IPUIPlugin:80 - create IPUIPlugin
2026-01-13 09:12:07,713 [INFO] PluginManager:220 - loadIPPluginJar : add gfxmmu
2026-01-13 09:12:07,920 [INFO] IPUIPlugin:80 - create IPUIPlugin
2026-01-13 09:12:07,921 [INFO] PluginManager:220 - loadIPPluginJar : add gic
2026-01-13 09:12:07,940 [INFO] IPUIPlugin:80 - create IPUIPlugin
2026-01-13 09:12:07,940 [INFO] PluginManager:220 - loadIPPluginJar : add gpio
2026-01-13 09:12:08,118 [INFO] IPUIPlugin:80 - create IPUIPlugin
2026-01-13 09:12:08,118 [INFO] PluginManager:220 - loadIPPluginJar : add gtzc
2026-01-13 09:12:08,193 [INFO] IPUIPlugin:80 - create IPUIPlugin
2026-01-13 09:12:08,193 [INFO] PluginManager:220 - loadIPPluginJar : add hash
2026-01-13 09:12:08,336 [INFO] IPUIPlugin:80 - create IPUIPlugin
2026-01-13 09:12:08,337 [INFO] PluginManager:220 - loadIPPluginJar : add i2c
2026-01-13 09:12:08,445 [INFO] IPUIPlugin:80 - create IPUIPlugin
2026-01-13 09:12:08,446 [INFO] PluginManager:220 - loadIPPluginJar : add i2s
2026-01-13 09:12:08,570 [INFO] IPUIPlugin:80 - create IPUIPlugin
2026-01-13 09:12:08,571 [INFO] PluginManager:220 - loadIPPluginJar : add i3c
2026-01-13 09:12:08,775 [INFO] IPUIPlugin:80 - create IPUIPlugin
2026-01-13 09:12:08,775 [INFO] PluginManager:220 - loadIPPluginJar : add ipddr
2026-01-13 09:12:08,950 [INFO] IPUIPlugin:80 - create IPUIPlugin
2026-01-13 09:12:08,951 [INFO] PluginManager:220 - loadIPPluginJar : add linkedlist
