2026-01-13 12:24:43,435 [INFO] Activator:176 - 


2026-01-13 12:24:43,436 [INFO] Activator:177 - !SESSION log4j initialized
2026-01-13 12:24:46,471 [INFO] LogOutputStream:77 - [STDOUT_REDIRECT] 
2026-01-13 12:24:48,125 [INFO] ApplicationProperties:184 - Using Application install path: C:\ST\STM32CubeIDE_1.17.0\STM32CubeIDE\plugins\com.st.stm32cube.common.mx_6.13.0.202411220809
2026-01-13 12:24:48,143 [INFO] DbMcusXml:78 - Set database path to: C:\ST\STM32CubeIDE_1.17.0\STM32CubeIDE\plugins\com.st.stm32cube.common.mx_6.13.0.202411220809\\db\/mcu/
2026-01-13 12:24:48,145 [INFO] ApiDb:274 - Set plugin database path to: C:\ST\STM32CubeIDE_1.17.0\STM32CubeIDE\plugins\com.st.stm32cube.common.mx_6.13.0.202411220809\\db\/plugins/boardmanager/
2026-01-13 12:24:48,145 [WARN] ApiDb:259 - Overriding images path with different value:  => C:\ST\STM32CubeIDE_1.17.0\STM32CubeIDE\plugins\com.st.stm32cube.common.mx_6.13.0.202411220809\\db\/plugins/mcufinder/images/
2026-01-13 12:24:48,154 [INFO] ApiDb:250 - Set database path to: C:\Users\alvin\.stmcufinder\plugins\mcufinder//mcu/
2026-01-13 12:24:48,155 [INFO] DbMcusAds:125 - Set database path to: C:\Users\alvin\.stmcufinder\plugins\mcufinder//mcu/
2026-01-13 12:24:48,159 [INFO] CrossReferenceDbSqlite:203 - Set database path to: C:\Users\alvin\.stmcufinder\plugins\mcufinder//mcu/cs/
2026-01-13 12:24:48,278 [INFO] RulesReader:64 - Compatibility file has been processed (297 Rules)
2026-01-13 12:24:48,363 [INFO] DbMcusXml:78 - Set database path to: C:\ST\STM32CubeIDE_1.17.0\STM32CubeIDE\plugins\com.st.stm32cube.common.mx_6.13.0.202411220809\\db\/mcu/
2026-01-13 12:24:48,364 [INFO] ApiDb:274 - Set plugin database path to: C:\ST\STM32CubeIDE_1.17.0\STM32CubeIDE\plugins\com.st.stm32cube.common.mx_6.13.0.202411220809\\db\/plugins/boardmanager/
2026-01-13 12:24:48,364 [INFO] ApiDb:261 - Set plugin images path to: C:\ST\STM32CubeIDE_1.17.0\STM32CubeIDE\plugins\com.st.stm32cube.common.mx_6.13.0.202411220809\\db\/plugins/mcufinder/images/
2026-01-13 12:24:48,364 [WARN] DbFile:41 - Overriding database path with different value: C:\Users\alvin\.stmcufinder\plugins\mcufinder/ => C:\Users\alvin\.stmcufinder\plugins\mcufinder
2026-01-13 12:24:48,364 [INFO] ApiDb:250 - Set database path to: C:\Users\alvin\.stmcufinder\plugins\mcufinder//mcu/
2026-01-13 12:24:48,364 [WARN] DbFile:41 - Overriding database path with different value: C:\Users\alvin\.stmcufinder\plugins\mcufinder/ => C:\Users\alvin\.stmcufinder\plugins\mcufinder
2026-01-13 12:24:48,364 [INFO] DbMcusAds:125 - Set database path to: C:\Users\alvin\.stmcufinder\plugins\mcufinder//mcu/
2026-01-13 12:24:48,364 [WARN] DbFile:41 - Overriding database path with different value: C:\Users\alvin\.stmcufinder\plugins\mcufinder/ => C:\Users\alvin\.stmcufinder\plugins\mcufinder
2026-01-13 12:24:48,364 [WARN] DbFile:41 - Overriding database path with different value: C:\Users\alvin\.stmcufinder\plugins\mcufinder/ => C:\Users\alvin\.stmcufinder\plugins\mcufinder
2026-01-13 12:24:48,364 [INFO] CrossReferenceDbSqlite:203 - Set database path to: C:\Users\alvin\.stmcufinder\plugins\mcufinder//mcu/cs/
2026-01-13 12:24:48,444 [INFO] MainPanel:272 - HeapMemory: 268435456
2026-01-13 12:24:48,576 [INFO] DbMcusXml:78 - Set database path to: C:\ST\STM32CubeIDE_1.17.0\STM32CubeIDE\plugins\com.st.stm32cube.common.mx_6.13.0.202411220809\\db\/mcu/
2026-01-13 12:24:48,576 [INFO] ApiDb:274 - Set plugin database path to: C:\ST\STM32CubeIDE_1.17.0\STM32CubeIDE\plugins\com.st.stm32cube.common.mx_6.13.0.202411220809\\db\/plugins/boardmanager/
2026-01-13 12:24:48,576 [INFO] ApiDb:261 - Set plugin images path to: C:\ST\STM32CubeIDE_1.17.0\STM32CubeIDE\plugins\com.st.stm32cube.common.mx_6.13.0.202411220809\\db\/plugins/mcufinder/images/
2026-01-13 12:24:48,577 [WARN] DbFile:41 - Overriding database path with different value: C:\Users\alvin\.stmcufinder\plugins\mcufinder/ => C:\Users\alvin\.stmcufinder\plugins\mcufinder
2026-01-13 12:24:48,577 [INFO] ApiDb:250 - Set database path to: C:\Users\alvin\.stmcufinder\plugins\mcufinder//mcu/
2026-01-13 12:24:48,577 [WARN] DbFile:41 - Overriding database path with different value: C:\Users\alvin\.stmcufinder\plugins\mcufinder/ => C:\Users\alvin\.stmcufinder\plugins\mcufinder
2026-01-13 12:24:48,577 [INFO] DbMcusAds:125 - Set database path to: C:\Users\alvin\.stmcufinder\plugins\mcufinder//mcu/
2026-01-13 12:24:48,577 [WARN] DbFile:41 - Overriding database path with different value: C:\Users\alvin\.stmcufinder\plugins\mcufinder/ => C:\Users\alvin\.stmcufinder\plugins\mcufinder
2026-01-13 12:24:48,577 [WARN] DbFile:41 - Overriding database path with different value: C:\Users\alvin\.stmcufinder\plugins\mcufinder/ => C:\Users\alvin\.stmcufinder\plugins\mcufinder
2026-01-13 12:24:48,577 [INFO] CrossReferenceDbSqlite:203 - Set database path to: C:\Users\alvin\.stmcufinder\plugins\mcufinder//mcu/cs/
2026-01-13 12:24:48,594 [INFO] ApplicationProperties:184 - Using Application install path: C:\ST\STM32CubeIDE_1.17.0\STM32CubeIDE\plugins\com.st.stm32cube.common.mx_6.13.0.202411220809
2026-01-13 12:24:48,596 [INFO] PluginManage:196 - Search for loadable plugins [exclusion list=, ]
2026-01-13 12:24:48,597 [INFO] PluginManage:310 - Check plugin analytics
2026-01-13 12:24:48,746 [INFO] AnalyticsPlugin:253 - Accepted Software Licenses: 
2026-01-13 12:24:48,746 [INFO] AnalyticsPlugin:255 - Accepted CMSIS Pack Licenses: 
2026-01-13 12:24:48,746 [INFO] AnalyticsPlugin:257 - Accepted Firmware Licenses: 
2026-01-13 12:24:48,749 [INFO] PluginManage:359 - Loaded plugin analytics (category:tool,tabindex:-1)
2026-01-13 12:24:48,749 [INFO] PluginManage:310 - Check plugin cadmodel
2026-01-13 12:24:48,755 [INFO] CADModel:105 - Init CAD model plugin
2026-01-13 12:24:48,755 [INFO] PluginManage:359 - Loaded plugin cadmodel (category:power,tabindex:5)
2026-01-13 12:24:48,755 [INFO] PluginManage:310 - Check plugin clock
2026-01-13 12:24:48,766 [INFO] PluginManage:359 - Loaded plugin clock (category:base,tabindex:2)
2026-01-13 12:24:48,767 [INFO] PluginManage:310 - Check plugin ddr
2026-01-13 12:24:48,769 [INFO] PluginManage:359 - Loaded plugin ddr (category:tool,tabindex:6)
2026-01-13 12:24:48,769 [INFO] PluginManage:310 - Check plugin filemanager
2026-01-13 12:24:48,937 [INFO] PluginManage:359 - Loaded plugin filemanager (category:base,tabindex:10)
2026-01-13 12:24:48,938 [INFO] PluginManage:310 - Check plugin ipmanager
2026-01-13 12:24:48,944 [INFO] PluginManage:359 - Loaded plugin ipmanager (category:base,tabindex:5)
2026-01-13 12:24:48,944 [INFO] PluginManage:310 - Check plugin lpbam
2026-01-13 12:24:48,954 [INFO] PluginManage:359 - Loaded plugin lpbam (category:base,tabindex:0)
2026-01-13 12:24:48,954 [INFO] PluginManage:310 - Check plugin memorymap
2026-01-13 12:24:48,967 [INFO] PluginManage:359 - Loaded plugin memorymap (category:base,tabindex:4)
2026-01-13 12:24:48,967 [INFO] PluginManage:310 - Check plugin pinoutandconfiguration
2026-01-13 12:24:48,975 [INFO] PluginManage:359 - Loaded plugin pinoutandconfiguration (category:base,tabindex:1)
2026-01-13 12:24:48,975 [INFO] PluginManage:310 - Check plugin pinoutconfig
2026-01-13 12:24:49,049 [WARN] SupportedApi:132 - Cannot load RTOS API schema: s4s-elt-must-match.1: The content of 'definitions' must match (annotation?, (simpleType | complexType)?, (unique | key | keyref)*)). A problem was found starting at: attribute.
2026-01-13 12:24:49,162 [INFO] PluginManage:359 - Loaded plugin pinoutconfig (category:base,tabindex:0)
2026-01-13 12:24:49,162 [INFO] PluginManage:310 - Check plugin power
2026-01-13 12:24:49,174 [INFO] PluginManage:359 - Loaded plugin power (category:power,tabindex:4)
2026-01-13 12:24:49,174 [INFO] PluginManage:310 - Check plugin projectmanager
2026-01-13 12:24:49,188 [INFO] PluginManage:359 - Loaded plugin projectmanager (category:projectmanager,tabindex:4)
2026-01-13 12:24:49,188 [INFO] PluginManage:310 - Check plugin rif
2026-01-13 12:24:49,196 [INFO] PluginManage:359 - Loaded plugin rif (category:base,tabindex:3)
2026-01-13 12:24:49,196 [INFO] PluginManage:310 - Check plugin thirdparty
2026-01-13 12:24:49,317 [INFO] PluginManage:359 - Loaded plugin thirdparty (category:base,tabindex:-1)
2026-01-13 12:24:49,317 [INFO] PluginManage:310 - Check plugin tools
2026-01-13 12:24:49,317 [WARN] IntegrityCheckThread:84 - waiting for thirdparty lock release [integrity check]
2026-01-13 12:24:49,318 [INFO] IntegrityCheckThread:86 - entering critical section [integrity check]
2026-01-13 12:24:49,318 [INFO] ThirdPartyUpdaterWithRetryManager:70 - Updater plugin not ready yet. [1/15]
2026-01-13 12:24:49,319 [INFO] PluginManage:359 - Loaded plugin tools (category:base,tabindex:7)
2026-01-13 12:24:49,319 [INFO] PluginManage:310 - Check plugin tutovideos
2026-01-13 12:24:49,488 [INFO] PluginManage:359 - Loaded plugin tutovideos (category:base,tabindex:-1)
2026-01-13 12:24:49,488 [INFO] PluginManage:310 - Check plugin updater
2026-01-13 12:24:49,506 [INFO] PluginManage:359 - Loaded plugin updater (category:base,tabindex:12)
2026-01-13 12:24:49,506 [INFO] PluginManage:310 - Check plugin userauth
2026-01-13 12:24:49,510 [INFO] UserAuth:118 - Init User Auth plugin
2026-01-13 12:24:49,510 [INFO] PluginManage:359 - Loaded plugin userauth (category:base,tabindex:14)
2026-01-13 12:24:49,511 [INFO] PluginManage:283 - PluginManage : Loaded plugins [18]
2026-01-13 12:24:49,708 [INFO] PinOutPanel:1589 - setPackage(No Configuration,No Configuration)
2026-01-13 12:24:49,786 [INFO] CADModel:165 - CPN selected for project level
2026-01-13 12:24:49,786 [INFO] CADModel:114 - Register for checkConnection events
2026-01-13 12:24:49,801 [INFO] IPUIPlugin:80 - create IPUIPlugin
2026-01-13 12:24:49,801 [INFO] PluginManager:220 - loadIPPluginJar : add adc
2026-01-13 12:24:49,804 [INFO] IPUIPlugin:80 - create IPUIPlugin
2026-01-13 12:24:49,804 [INFO] PluginManager:220 - loadIPPluginJar : add aes
2026-01-13 12:24:49,806 [INFO] IPUIPlugin:80 - create IPUIPlugin
2026-01-13 12:24:49,806 [INFO] PluginManager:220 - loadIPPluginJar : add can
2026-01-13 12:24:49,808 [INFO] IPUIPlugin:80 - create IPUIPlugin
2026-01-13 12:24:49,808 [INFO] PluginManager:220 - loadIPPluginJar : add comp
2026-01-13 12:24:49,810 [INFO] IPUIPlugin:80 - create IPUIPlugin
2026-01-13 12:24:49,810 [INFO] PluginManager:220 - loadIPPluginJar : add cryp
2026-01-13 12:24:49,812 [INFO] IPUIPlugin:80 - create IPUIPlugin
2026-01-13 12:24:49,812 [INFO] PluginManager:220 - loadIPPluginJar : add ddr_ctrl_phy
2026-01-13 12:24:49,815 [INFO] IPUIPlugin:80 - create IPUIPlugin
2026-01-13 12:24:49,815 [INFO] PluginManager:220 - loadIPPluginJar : add dfsdm
2026-01-13 12:24:49,819 [INFO] IPUIPlugin:80 - create IPUIPlugin
2026-01-13 12:24:49,819 [INFO] PluginManager:220 - loadIPPluginJar : add dma
2026-01-13 12:24:49,821 [INFO] IPUIPlugin:80 - create IPUIPlugin
2026-01-13 12:24:49,821 [INFO] PluginManager:220 - loadIPPluginJar : add dma3
2026-01-13 12:24:49,823 [INFO] IPUIPlugin:80 - create IPUIPlugin
2026-01-13 12:24:49,823 [INFO] PluginManager:220 - loadIPPluginJar : add extmemmanager
2026-01-13 12:24:49,824 [INFO] IPUIPlugin:80 - create IPUIPlugin
2026-01-13 12:24:49,825 [INFO] PluginManager:220 - loadIPPluginJar : add fatfs
2026-01-13 12:24:49,828 [INFO] IPUIPlugin:80 - create IPUIPlugin
2026-01-13 12:24:49,828 [INFO] PluginManager:220 - loadIPPluginJar : add fmc
2026-01-13 12:24:49,833 [INFO] IPUIPlugin:80 - create IPUIPlugin
2026-01-13 12:24:49,833 [INFO] PluginManager:220 - loadIPPluginJar : add freertos
2026-01-13 12:24:49,834 [INFO] IPUIPlugin:80 - create IPUIPlugin
2026-01-13 12:24:49,834 [INFO] PluginManager:220 - loadIPPluginJar : add genericplugin
2026-01-13 12:24:49,836 [INFO] IPUIPlugin:80 - create IPUIPlugin
2026-01-13 12:24:49,836 [INFO] PluginManager:220 - loadIPPluginJar : add gfxmmu
2026-01-13 12:24:49,839 [INFO] IPUIPlugin:80 - create IPUIPlugin
2026-01-13 12:24:49,839 [INFO] PluginManager:220 - loadIPPluginJar : add gic
2026-01-13 12:24:49,843 [INFO] IPUIPlugin:80 - create IPUIPlugin
2026-01-13 12:24:49,843 [INFO] PluginManager:220 - loadIPPluginJar : add gpio
2026-01-13 12:24:49,847 [INFO] IPUIPlugin:80 - create IPUIPlugin
2026-01-13 12:24:49,847 [INFO] PluginManager:220 - loadIPPluginJar : add gtzc
2026-01-13 12:24:49,849 [INFO] IPUIPlugin:80 - create IPUIPlugin
2026-01-13 12:24:49,849 [INFO] PluginManager:220 - loadIPPluginJar : add hash
2026-01-13 12:24:49,852 [INFO] IPUIPlugin:80 - create IPUIPlugin
2026-01-13 12:24:49,852 [INFO] PluginManager:220 - loadIPPluginJar : add i2c
2026-01-13 12:24:49,854 [INFO] IPUIPlugin:80 - create IPUIPlugin
2026-01-13 12:24:49,854 [INFO] PluginManager:220 - loadIPPluginJar : add i2s
2026-01-13 12:24:49,857 [INFO] IPUIPlugin:80 - create IPUIPlugin
2026-01-13 12:24:49,857 [INFO] PluginManager:220 - loadIPPluginJar : add i3c
2026-01-13 12:24:49,859 [INFO] IPUIPlugin:80 - create IPUIPlugin
2026-01-13 12:24:49,859 [INFO] PluginManager:220 - loadIPPluginJar : add ipddr
2026-01-13 12:24:49,864 [INFO] IPUIPlugin:80 - create IPUIPlugin
2026-01-13 12:24:49,865 [INFO] PluginManager:220 - loadIPPluginJar : add linkedlist
2026-01-13 12:24:49,866 [INFO] IPUIPlugin:80 - create IPUIPlugin
2026-01-13 12:24:49,867 [INFO] PluginManager:220 - loadIPPluginJar : add lorawan
2026-01-13 12:24:49,869 [INFO] IPUIPlugin:80 - create IPUIPlugin
2026-01-13 12:24:49,869 [INFO] PluginManager:220 - loadIPPluginJar : add ltdc
2026-01-13 12:24:49,874 [INFO] IPUIPlugin:80 - create IPUIPlugin
2026-01-13 12:24:49,874 [INFO] PluginManager:220 - loadIPPluginJar : add mdma
2026-01-13 12:24:49,878 [INFO] IPUIPlugin:80 - create IPUIPlugin
2026-01-13 12:24:49,878 [INFO] PluginManager:220 - loadIPPluginJar : add nvic
2026-01-13 12:24:49,880 [INFO] IPUIPlugin:80 - create IPUIPlugin
2026-01-13 12:24:49,880 [INFO] PluginManager:220 - loadIPPluginJar : add opamp
2026-01-13 12:24:49,883 [INFO] IPUIPlugin:80 - create IPUIPlugin
2026-01-13 12:24:49,883 [INFO] PluginManager:220 - loadIPPluginJar : add openamp
2026-01-13 12:24:49,887 [INFO] IPUIPlugin:80 - create IPUIPlugin
2026-01-13 12:24:49,887 [INFO] PluginManager:220 - loadIPPluginJar : add pdm2pcm
2026-01-13 12:24:49,891 [INFO] IPUIPlugin:80 - create IPUIPlugin
2026-01-13 12:24:49,893 [INFO] PluginManager:220 - loadIPPluginJar : add plateformsettings
2026-01-13 12:24:49,894 [INFO] IPUIPlugin:80 - create IPUIPlugin
2026-01-13 12:24:49,894 [INFO] PluginManager:220 - loadIPPluginJar : add quadspi
2026-01-13 12:24:49,896 [INFO] IPUIPlugin:80 - create IPUIPlugin
2026-01-13 12:24:49,896 [INFO] PluginManager:220 - loadIPPluginJar : add radio
2026-01-13 12:24:49,902 [INFO] IPUIPlugin:80 - create IPUIPlugin
2026-01-13 12:24:49,902 [INFO] PluginManager:220 - loadIPPluginJar : add resmgrutility
2026-01-13 12:24:49,905 [INFO] IPUIPlugin:80 - create IPUIPlugin
2026-01-13 12:24:49,905 [INFO] PluginManager:220 - loadIPPluginJar : add sai
2026-01-13 12:24:49,906 [INFO] IPUIPlugin:80 - create IPUIPlugin
2026-01-13 12:24:49,907 [INFO] PluginManager:220 - loadIPPluginJar : add spi
2026-01-13 12:24:49,911 [INFO] IPUIPlugin:80 - create IPUIPlugin
2026-01-13 12:24:49,911 [INFO] PluginManager:220 - loadIPPluginJar : add stm32_wpan
2026-01-13 12:24:49,913 [INFO] IPUIPlugin:80 - create IPUIPlugin
2026-01-13 12:24:49,913 [INFO] PluginManager:220 - loadIPPluginJar : add tim
2026-01-13 12:24:49,915 [INFO] IPUIPlugin:80 - create IPUIPlugin
2026-01-13 12:24:49,915 [INFO] PluginManager:220 - loadIPPluginJar : add touchsensing
2026-01-13 12:24:49,917 [INFO] IPUIPlugin:80 - create IPUIPlugin
2026-01-13 12:24:49,917 [INFO] PluginManager:220 - loadIPPluginJar : add tracer_emb
2026-01-13 12:24:49,919 [INFO] IPUIPlugin:80 - create IPUIPlugin
2026-01-13 12:24:49,919 [INFO] PluginManager:220 - loadIPPluginJar : add ts
2026-01-13 12:24:49,920 [INFO] IPUIPlugin:80 - create IPUIPlugin
2026-01-13 12:24:49,920 [INFO] PluginManager:220 - loadIPPluginJar : add tsc
2026-01-13 12:24:49,922 [INFO] IPUIPlugin:80 - create IPUIPlugin
2026-01-13 12:24:49,922 [INFO] PluginManager:220 - loadIPPluginJar : add ucpd
2026-01-13 12:24:49,924 [INFO] IPUIPlugin:80 - create IPUIPlugin
2026-01-13 12:24:49,924 [INFO] PluginManager:220 - loadIPPluginJar : add usart
2026-01-13 12:24:49,927 [INFO] IPUIPlugin:80 - create IPUIPlugin
2026-01-13 12:24:49,927 [INFO] PluginManager:220 - loadIPPluginJar : add usbx
2026-01-13 12:24:50,047 [FATAL] Updater:351 - Updater called before beeing initialized
2026-01-13 12:24:50,066 [INFO] RulesReader:64 - Compatibility file has been processed (297 Rules)
2026-01-13 12:24:50,074 [INFO] RulesReader:64 - Compatibility file has been processed (297 Rules)
2026-01-13 12:24:50,080 [INFO] CADModel:165 - CPN selected for project level
2026-01-13 12:24:50,080 [INFO] CADModel:114 - Register for checkConnection events
2026-01-13 12:24:50,080 [FATAL] Updater:351 - Updater called before beeing initialized
2026-01-13 12:24:50,081 [ERROR] CADModel:125 - Updater not yet initialized, retry later 
2026-01-13 12:24:50,232 [FATAL] Updater:351 - Updater called before beeing initialized
2026-01-13 12:24:50,234 [INFO] CADModel:165 - CPN selected for project level
2026-01-13 12:24:50,234 [INFO] CADModel:114 - Register for checkConnection events
2026-01-13 12:24:50,235 [FATAL] Updater:351 - Updater called before beeing initialized
2026-01-13 12:24:50,235 [ERROR] CADModel:125 - Updater not yet initialized, retry later 
2026-01-13 12:24:50,238 [FATAL] Updater:351 - Updater called before beeing initialized
2026-01-13 12:24:50,328 [FATAL] Updater:351 - Updater called before beeing initialized
2026-01-13 12:24:50,332 [INFO] DbMcusAds:53 - JSON generation date=Thu Jan 08 22:56:32 WIB 2026 (1767887792457)
2026-01-13 12:24:50,332 [FATAL] Updater:351 - Updater called before beeing initialized
2026-01-13 12:24:50,365 [WARN] DetailPanel:346 - Failed to get advertising image, set to default
2026-01-13 12:24:50,546 [FATAL] Updater:351 - Updater called before beeing initialized
2026-01-13 12:24:50,547 [FATAL] Updater:351 - Updater called before beeing initialized
2026-01-13 12:24:50,549 [FATAL] Updater:351 - Updater called before beeing initialized
2026-01-13 12:24:50,549 [WARN] DetailPanel:346 - Failed to get advertising image, set to default
2026-01-13 12:24:50,550 [FATAL] Updater:351 - Updater called before beeing initialized
2026-01-13 12:24:50,586 [ERROR] Updater:1198 - MainUpdater not yet initialized. External WinMGr cannot be set.
2026-01-13 12:24:50,588 [INFO] Updater:1134 - Updater Version found : 6.13.0
2026-01-13 12:24:50,602 [INFO] ApplicationProperties:184 - Using Application install path: C:\ST\STM32CubeIDE_1.17.0\STM32CubeIDE\plugins\com.st.stm32cube.common.mx_6.13.0.202411220809
2026-01-13 12:24:52,172 [ERROR] LogOutputStream:75 - [STDERR_REDIRECT] Jan 13, 2026 12:24:52 PM java.util.prefs.WindowsPreferences <init>
2026-01-13 12:24:52,172 [ERROR] LogOutputStream:75 - [STDERR_REDIRECT] WARNING: Could not open/create prefs root node Software\JavaSoft\Prefs at root 0xffffffff80000002. Windows RegCreateKeyEx(...) returned error code 5.
2026-01-13 12:24:52,172 [ERROR] LogOutputStream:75 - [STDERR_REDIRECT] 
2026-01-13 12:24:52,318 [INFO] ThirdPartyUpdaterWithRetryManager:70 - Updater plugin not ready yet. [2/15]
2026-01-13 12:24:53,046 [INFO] MainUpdater:2872 - connection check result : 10
2026-01-13 12:24:53,047 [INFO] MainUpdater:289 - Updater Check For Update Now.
2026-01-13 12:24:53,047 [INFO] MicroXplorer:498 - Change Database Version : DB.6.0.130
2026-01-13 12:24:53,055 [INFO] McuFinderGlobals:63 - Set McuFinder mode to 2 (CubeIDE integrated)
2026-01-13 12:24:53,056 [INFO] UserAuth:171 - activating auth plugin
2026-01-13 12:24:53,058 [INFO] UserAuth:486 - Internet connection configuration mode: 1
2026-01-13 12:24:53,080 [INFO] JxBrowserEngine:152 - Initiate JxBrowser Engine with user profile folder
2026-01-13 12:24:53,214 [INFO] CheckServerUpdateThread:120 - End of CheckServer Thread
2026-01-13 12:24:54,038 [INFO] WebApp:168 - Instantiating new browser for Auth
2026-01-13 12:24:54,731 [INFO] WebApp:449 - Apply proxy settings
2026-01-13 12:24:54,731 [INFO] WebApp:534 - Chromium requires no authentication
2026-01-13 12:24:54,750 [INFO] WebApp:477 - Direct internet connection detected
2026-01-13 12:24:54,779 [INFO] WebApp:880 - Register for checkConnection events
2026-01-13 12:24:54,779 [INFO] WebApp:449 - Apply proxy settings
2026-01-13 12:24:54,779 [INFO] WebApp:534 - Chromium requires no authentication
2026-01-13 12:24:54,779 [INFO] WebApp:477 - Direct internet connection detected
2026-01-13 12:24:54,966 [INFO] WebApp:221 - Starting web application
2026-01-13 12:24:54,966 [INFO] WebApp:579 - Web application path used C:\ST\STM32CubeIDE_1.17.0\STM32CubeIDE\plugins\com.st.stm32cube.common.mx_6.13.0.202411220809\db\plugins\mcufinder\reactClient1\index.html
2026-01-13 12:24:55,439 [WARN] PackLoader:240 - Cannot read IP mode file for STMicroelectronics.FP-SNS-MOTENVWB1.1.4.0
2026-01-13 12:24:55,451 [WARN] PackLoader:240 - Cannot read IP mode file for STMicroelectronics.X-CUBE-SMBUS.2.1.0
2026-01-13 12:24:55,462 [WARN] PackLoader:240 - Cannot read IP mode file for STMicroelectronics.X-CUBE-DISPLAY.3.0.0
2026-01-13 12:24:55,481 [WARN] PackLoader:240 - Cannot read IP mode file for STMicroelectronics.X-CUBE-NFC10.1.0.0
2026-01-13 12:24:55,489 [WARN] PackLoader:240 - Cannot read IP mode file for STMicroelectronics.FP-SNS-SMARTAG2.1.2.0
2026-01-13 12:24:55,496 [WARN] PackLoader:240 - Cannot read IP mode file for STMicroelectronics.X-CUBE-BLE2.3.3.0
2026-01-13 12:24:55,504 [WARN] PackLoader:240 - Cannot read IP mode file for STMicroelectronics.X-CUBE-NFC9.1.0.0
2026-01-13 12:24:55,512 [WARN] PackLoader:240 - Cannot read IP mode file for STMicroelectronics.X-CUBE-NFC4.3.0.0
2026-01-13 12:24:55,516 [WARN] PackLoader:240 - Cannot read IP mode file for STMicroelectronics.FP-ATR-SIGFOX1.3.2.0
2026-01-13 12:24:55,522 [WARN] PackLoader:240 - Cannot read IP mode file for STMicroelectronics.X-CUBE-ISPU.2.1.0
2026-01-13 12:24:55,530 [WARN] PackLoader:240 - Cannot read IP mode file for STMicroelectronics.X-CUBE-NFC6.3.1.0
2026-01-13 12:24:55,540 [WARN] PackLoader:240 - Cannot read IP mode file for STMicroelectronics.X-CUBE-SFXS2LP1.4.0.0
2026-01-13 12:24:55,550 [WARN] PackLoader:240 - Cannot read IP mode file for STMicroelectronics.X-CUBE-SUBG2.5.0.0
2026-01-13 12:24:55,559 [WARN] PackLoader:240 - Cannot read IP mode file for STMicroelectronics.X-CUBE-ALS.1.0.2
2026-01-13 12:24:55,561 [INFO] ThirdParty:978 - Integrity check success = true
2026-01-13 12:24:55,561 [INFO] IntegrityCheckThread:100 - exiting critical section [integrity check]
2026-01-13 12:24:55,561 [INFO] IntegrityCheckThread:103 - End integrity checks thread
2026-01-13 12:24:56,056 [INFO] WebApp:187 - Connection restablished
2026-01-13 12:47:10,864 [ERROR] LogOutputStream:75 - [STDERR_REDIRECT] 
2026-01-13 12:47:31,063 [INFO] Activator:176 - 


2026-01-13 12:47:31,066 [INFO] Activator:177 - !SESSION log4j initialized
2026-01-13 12:47:35,782 [INFO] LogOutputStream:77 - [STDOUT_REDIRECT] 
2026-01-13 12:47:36,866 [INFO] ApplicationProperties:184 - Using Application install path: C:\ST\STM32CubeIDE_1.17.0\STM32CubeIDE\plugins\com.st.stm32cube.common.mx_6.13.0.202411220809
2026-01-13 12:47:36,886 [INFO] DbMcusXml:78 - Set database path to: C:\ST\STM32CubeIDE_1.17.0\STM32CubeIDE\plugins\com.st.stm32cube.common.mx_6.13.0.202411220809\\db\/mcu/
2026-01-13 12:47:36,887 [INFO] ApiDb:274 - Set plugin database path to: C:\ST\STM32CubeIDE_1.17.0\STM32CubeIDE\plugins\com.st.stm32cube.common.mx_6.13.0.202411220809\\db\/plugins/boardmanager/
2026-01-13 12:47:36,887 [WARN] ApiDb:259 - Overriding images path with different value:  => C:\ST\STM32CubeIDE_1.17.0\STM32CubeIDE\plugins\com.st.stm32cube.common.mx_6.13.0.202411220809\\db\/plugins/mcufinder/images/
2026-01-13 12:47:36,896 [INFO] ApiDb:250 - Set database path to: C:\Users\alvin\.stmcufinder\plugins\mcufinder//mcu/
2026-01-13 12:47:36,898 [INFO] DbMcusAds:125 - Set database path to: C:\Users\alvin\.stmcufinder\plugins\mcufinder//mcu/
2026-01-13 12:47:36,902 [INFO] CrossReferenceDbSqlite:203 - Set database path to: C:\Users\alvin\.stmcufinder\plugins\mcufinder//mcu/cs/
2026-01-13 12:47:37,029 [INFO] RulesReader:64 - Compatibility file has been processed (297 Rules)
2026-01-13 12:47:37,134 [INFO] DbMcusXml:78 - Set database path to: C:\ST\STM32CubeIDE_1.17.0\STM32CubeIDE\plugins\com.st.stm32cube.common.mx_6.13.0.202411220809\\db\/mcu/
2026-01-13 12:47:37,135 [INFO] ApiDb:274 - Set plugin database path to: C:\ST\STM32CubeIDE_1.17.0\STM32CubeIDE\plugins\com.st.stm32cube.common.mx_6.13.0.202411220809\\db\/plugins/boardmanager/
2026-01-13 12:47:37,136 [INFO] ApiDb:261 - Set plugin images path to: C:\ST\STM32CubeIDE_1.17.0\STM32CubeIDE\plugins\com.st.stm32cube.common.mx_6.13.0.202411220809\\db\/plugins/mcufinder/images/
2026-01-13 12:47:37,136 [WARN] DbFile:41 - Overriding database path with different value: C:\Users\alvin\.stmcufinder\plugins\mcufinder/ => C:\Users\alvin\.stmcufinder\plugins\mcufinder
2026-01-13 12:47:37,136 [INFO] ApiDb:250 - Set database path to: C:\Users\alvin\.stmcufinder\plugins\mcufinder//mcu/
2026-01-13 12:47:37,136 [WARN] DbFile:41 - Overriding database path with different value: C:\Users\alvin\.stmcufinder\plugins\mcufinder/ => C:\Users\alvin\.stmcufinder\plugins\mcufinder
2026-01-13 12:47:37,136 [INFO] DbMcusAds:125 - Set database path to: C:\Users\alvin\.stmcufinder\plugins\mcufinder//mcu/
2026-01-13 12:47:37,136 [WARN] DbFile:41 - Overriding database path with different value: C:\Users\alvin\.stmcufinder\plugins\mcufinder/ => C:\Users\alvin\.stmcufinder\plugins\mcufinder
2026-01-13 12:47:37,136 [WARN] DbFile:41 - Overriding database path with different value: C:\Users\alvin\.stmcufinder\plugins\mcufinder/ => C:\Users\alvin\.stmcufinder\plugins\mcufinder
2026-01-13 12:47:37,136 [INFO] CrossReferenceDbSqlite:203 - Set database path to: C:\Users\alvin\.stmcufinder\plugins\mcufinder//mcu/cs/
2026-01-13 12:47:37,255 [INFO] MainPanel:272 - HeapMemory: 268435456
2026-01-13 12:47:37,401 [INFO] DbMcusXml:78 - Set database path to: C:\ST\STM32CubeIDE_1.17.0\STM32CubeIDE\plugins\com.st.stm32cube.common.mx_6.13.0.202411220809\\db\/mcu/
2026-01-13 12:47:37,401 [INFO] ApiDb:274 - Set plugin database path to: C:\ST\STM32CubeIDE_1.17.0\STM32CubeIDE\plugins\com.st.stm32cube.common.mx_6.13.0.202411220809\\db\/plugins/boardmanager/
2026-01-13 12:47:37,402 [INFO] ApiDb:261 - Set plugin images path to: C:\ST\STM32CubeIDE_1.17.0\STM32CubeIDE\plugins\com.st.stm32cube.common.mx_6.13.0.202411220809\\db\/plugins/mcufinder/images/
2026-01-13 12:47:37,402 [WARN] DbFile:41 - Overriding database path with different value: C:\Users\alvin\.stmcufinder\plugins\mcufinder/ => C:\Users\alvin\.stmcufinder\plugins\mcufinder
2026-01-13 12:47:37,402 [INFO] ApiDb:250 - Set database path to: C:\Users\alvin\.stmcufinder\plugins\mcufinder//mcu/
2026-01-13 12:47:37,402 [WARN] DbFile:41 - Overriding database path with different value: C:\Users\alvin\.stmcufinder\plugins\mcufinder/ => C:\Users\alvin\.stmcufinder\plugins\mcufinder
2026-01-13 12:47:37,402 [INFO] DbMcusAds:125 - Set database path to: C:\Users\alvin\.stmcufinder\plugins\mcufinder//mcu/
2026-01-13 12:47:37,402 [WARN] DbFile:41 - Overriding database path with different value: C:\Users\alvin\.stmcufinder\plugins\mcufinder/ => C:\Users\alvin\.stmcufinder\plugins\mcufinder
2026-01-13 12:47:37,402 [WARN] DbFile:41 - Overriding database path with different value: C:\Users\alvin\.stmcufinder\plugins\mcufinder/ => C:\Users\alvin\.stmcufinder\plugins\mcufinder
2026-01-13 12:47:37,402 [INFO] CrossReferenceDbSqlite:203 - Set database path to: C:\Users\alvin\.stmcufinder\plugins\mcufinder//mcu/cs/
2026-01-13 12:47:37,426 [INFO] ApplicationProperties:184 - Using Application install path: C:\ST\STM32CubeIDE_1.17.0\STM32CubeIDE\plugins\com.st.stm32cube.common.mx_6.13.0.202411220809
2026-01-13 12:47:37,427 [INFO] PluginManage:196 - Search for loadable plugins [exclusion list=, ]
2026-01-13 12:47:37,430 [INFO] PluginManage:310 - Check plugin analytics
2026-01-13 12:47:37,622 [INFO] AnalyticsPlugin:253 - Accepted Software Licenses: 
2026-01-13 12:47:37,622 [INFO] AnalyticsPlugin:255 - Accepted CMSIS Pack Licenses: 
2026-01-13 12:47:37,622 [INFO] AnalyticsPlugin:257 - Accepted Firmware Licenses: 
2026-01-13 12:47:37,624 [INFO] PluginManage:359 - Loaded plugin analytics (category:tool,tabindex:-1)
2026-01-13 12:47:37,624 [INFO] PluginManage:310 - Check plugin cadmodel
2026-01-13 12:47:37,632 [INFO] CADModel:105 - Init CAD model plugin
2026-01-13 12:47:37,632 [INFO] PluginManage:359 - Loaded plugin cadmodel (category:power,tabindex:5)
2026-01-13 12:47:37,632 [INFO] PluginManage:310 - Check plugin clock
2026-01-13 12:47:37,643 [INFO] PluginManage:359 - Loaded plugin clock (category:base,tabindex:2)
2026-01-13 12:47:37,643 [INFO] PluginManage:310 - Check plugin ddr
2026-01-13 12:47:37,648 [INFO] PluginManage:359 - Loaded plugin ddr (category:tool,tabindex:6)
2026-01-13 12:47:37,648 [INFO] PluginManage:310 - Check plugin filemanager
2026-01-13 12:47:37,833 [INFO] PluginManage:359 - Loaded plugin filemanager (category:base,tabindex:10)
2026-01-13 12:47:37,833 [INFO] PluginManage:310 - Check plugin ipmanager
2026-01-13 12:47:37,844 [INFO] PluginManage:359 - Loaded plugin ipmanager (category:base,tabindex:5)
2026-01-13 12:47:37,844 [INFO] PluginManage:310 - Check plugin lpbam
2026-01-13 12:47:37,854 [INFO] PluginManage:359 - Loaded plugin lpbam (category:base,tabindex:0)
2026-01-13 12:47:37,854 [INFO] PluginManage:310 - Check plugin memorymap
2026-01-13 12:47:37,872 [INFO] PluginManage:359 - Loaded plugin memorymap (category:base,tabindex:4)
2026-01-13 12:47:37,873 [INFO] PluginManage:310 - Check plugin pinoutandconfiguration
2026-01-13 12:47:37,885 [INFO] PluginManage:359 - Loaded plugin pinoutandconfiguration (category:base,tabindex:1)
2026-01-13 12:47:37,885 [INFO] PluginManage:310 - Check plugin pinoutconfig
2026-01-13 12:47:37,981 [WARN] SupportedApi:132 - Cannot load RTOS API schema: s4s-elt-must-match.1: The content of 'definitions' must match (annotation?, (simpleType | complexType)?, (unique | key | keyref)*)). A problem was found starting at: attribute.
2026-01-13 12:47:38,137 [INFO] PluginManage:359 - Loaded plugin pinoutconfig (category:base,tabindex:0)
2026-01-13 12:47:38,138 [INFO] PluginManage:310 - Check plugin power
2026-01-13 12:47:38,150 [INFO] PluginManage:359 - Loaded plugin power (category:power,tabindex:4)
2026-01-13 12:47:38,150 [INFO] PluginManage:310 - Check plugin projectmanager
2026-01-13 12:47:38,167 [INFO] PluginManage:359 - Loaded plugin projectmanager (category:projectmanager,tabindex:4)
2026-01-13 12:47:38,167 [INFO] PluginManage:310 - Check plugin rif
2026-01-13 12:47:38,178 [INFO] PluginManage:359 - Loaded plugin rif (category:base,tabindex:3)
2026-01-13 12:47:38,178 [INFO] PluginManage:310 - Check plugin thirdparty
2026-01-13 12:47:38,335 [WARN] IntegrityCheckThread:84 - waiting for thirdparty lock release [integrity check]
2026-01-13 12:47:38,335 [INFO] PluginManage:359 - Loaded plugin thirdparty (category:base,tabindex:-1)
2026-01-13 12:47:38,335 [INFO] IntegrityCheckThread:86 - entering critical section [integrity check]
2026-01-13 12:47:38,335 [INFO] PluginManage:310 - Check plugin tools
2026-01-13 12:47:38,335 [INFO] ThirdPartyUpdaterWithRetryManager:70 - Updater plugin not ready yet. [1/15]
2026-01-13 12:47:38,338 [INFO] PluginManage:359 - Loaded plugin tools (category:base,tabindex:7)
2026-01-13 12:47:38,339 [INFO] PluginManage:310 - Check plugin tutovideos
2026-01-13 12:47:38,553 [INFO] PluginManage:359 - Loaded plugin tutovideos (category:base,tabindex:-1)
2026-01-13 12:47:38,553 [INFO] PluginManage:310 - Check plugin updater
2026-01-13 12:47:38,578 [INFO] PluginManage:359 - Loaded plugin updater (category:base,tabindex:12)
2026-01-13 12:47:38,578 [INFO] PluginManage:310 - Check plugin userauth
2026-01-13 12:47:38,582 [INFO] UserAuth:118 - Init User Auth plugin
2026-01-13 12:47:38,583 [INFO] PluginManage:359 - Loaded plugin userauth (category:base,tabindex:14)
2026-01-13 12:47:38,583 [INFO] PluginManage:283 - PluginManage : Loaded plugins [18]
2026-01-13 12:47:38,856 [INFO] PinOutPanel:1589 - setPackage(No Configuration,No Configuration)
2026-01-13 12:47:38,939 [INFO] CADModel:165 - CPN selected for project level
2026-01-13 12:47:38,939 [INFO] CADModel:114 - Register for checkConnection events
2026-01-13 12:47:38,960 [INFO] IPUIPlugin:80 - create IPUIPlugin
2026-01-13 12:47:38,960 [INFO] PluginManager:220 - loadIPPluginJar : add adc
2026-01-13 12:47:38,963 [INFO] IPUIPlugin:80 - create IPUIPlugin
2026-01-13 12:47:38,964 [INFO] PluginManager:220 - loadIPPluginJar : add aes
2026-01-13 12:47:38,967 [INFO] IPUIPlugin:80 - create IPUIPlugin
2026-01-13 12:47:38,967 [INFO] PluginManager:220 - loadIPPluginJar : add can
2026-01-13 12:47:38,970 [INFO] IPUIPlugin:80 - create IPUIPlugin
2026-01-13 12:47:38,970 [INFO] PluginManager:220 - loadIPPluginJar : add comp
2026-01-13 12:47:38,972 [INFO] IPUIPlugin:80 - create IPUIPlugin
2026-01-13 12:47:38,972 [INFO] PluginManager:220 - loadIPPluginJar : add cryp
2026-01-13 12:47:38,975 [INFO] IPUIPlugin:80 - create IPUIPlugin
2026-01-13 12:47:38,975 [INFO] PluginManager:220 - loadIPPluginJar : add ddr_ctrl_phy
2026-01-13 12:47:38,978 [INFO] IPUIPlugin:80 - create IPUIPlugin
2026-01-13 12:47:38,978 [INFO] PluginManager:220 - loadIPPluginJar : add dfsdm
2026-01-13 12:47:38,982 [INFO] IPUIPlugin:80 - create IPUIPlugin
2026-01-13 12:47:38,983 [INFO] PluginManager:220 - loadIPPluginJar : add dma
2026-01-13 12:47:38,986 [INFO] IPUIPlugin:80 - create IPUIPlugin
2026-01-13 12:47:38,986 [INFO] PluginManager:220 - loadIPPluginJar : add dma3
2026-01-13 12:47:38,988 [INFO] IPUIPlugin:80 - create IPUIPlugin
2026-01-13 12:47:38,988 [INFO] PluginManager:220 - loadIPPluginJar : add extmemmanager
2026-01-13 12:47:38,990 [INFO] IPUIPlugin:80 - create IPUIPlugin
2026-01-13 12:47:38,990 [INFO] PluginManager:220 - loadIPPluginJar : add fatfs
2026-01-13 12:47:38,994 [INFO] IPUIPlugin:80 - create IPUIPlugin
2026-01-13 12:47:38,994 [INFO] PluginManager:220 - loadIPPluginJar : add fmc
2026-01-13 12:47:38,999 [INFO] IPUIPlugin:80 - create IPUIPlugin
2026-01-13 12:47:38,999 [INFO] PluginManager:220 - loadIPPluginJar : add freertos
2026-01-13 12:47:39,000 [INFO] IPUIPlugin:80 - create IPUIPlugin
2026-01-13 12:47:39,000 [INFO] PluginManager:220 - loadIPPluginJar : add genericplugin
2026-01-13 12:47:39,003 [INFO] IPUIPlugin:80 - create IPUIPlugin
2026-01-13 12:47:39,003 [INFO] PluginManager:220 - loadIPPluginJar : add gfxmmu
2026-01-13 12:47:39,006 [INFO] IPUIPlugin:80 - create IPUIPlugin
2026-01-13 12:47:39,006 [INFO] PluginManager:220 - loadIPPluginJar : add gic
2026-01-13 12:47:39,009 [INFO] IPUIPlugin:80 - create IPUIPlugin
2026-01-13 12:47:39,009 [INFO] PluginManager:220 - loadIPPluginJar : add gpio
2026-01-13 12:47:39,012 [INFO] IPUIPlugin:80 - create IPUIPlugin
2026-01-13 12:47:39,012 [INFO] PluginManager:220 - loadIPPluginJar : add gtzc
2026-01-13 12:47:39,015 [INFO] IPUIPlugin:80 - create IPUIPlugin
2026-01-13 12:47:39,015 [INFO] PluginManager:220 - loadIPPluginJar : add hash
2026-01-13 12:47:39,017 [INFO] IPUIPlugin:80 - create IPUIPlugin
2026-01-13 12:47:39,017 [INFO] PluginManager:220 - loadIPPluginJar : add i2c
2026-01-13 12:47:39,019 [INFO] IPUIPlugin:80 - create IPUIPlugin
2026-01-13 12:47:39,019 [INFO] PluginManager:220 - loadIPPluginJar : add i2s
2026-01-13 12:47:39,021 [INFO] IPUIPlugin:80 - create IPUIPlugin
2026-01-13 12:47:39,021 [INFO] PluginManager:220 - loadIPPluginJar : add i3c
2026-01-13 12:47:39,023 [INFO] IPUIPlugin:80 - create IPUIPlugin
2026-01-13 12:47:39,023 [INFO] PluginManager:220 - loadIPPluginJar : add ipddr
2026-01-13 12:47:39,029 [INFO] IPUIPlugin:80 - create IPUIPlugin
2026-01-13 12:47:39,030 [INFO] PluginManager:220 - loadIPPluginJar : add linkedlist
2026-01-13 12:47:39,032 [INFO] IPUIPlugin:80 - create IPUIPlugin
2026-01-13 12:47:39,032 [INFO] PluginManager:220 - loadIPPluginJar : add lorawan
2026-01-13 12:47:39,034 [INFO] IPUIPlugin:80 - create IPUIPlugin
2026-01-13 12:47:39,034 [INFO] PluginManager:220 - loadIPPluginJar : add ltdc
2026-01-13 12:47:39,038 [INFO] IPUIPlugin:80 - create IPUIPlugin
2026-01-13 12:47:39,038 [INFO] PluginManager:220 - loadIPPluginJar : add mdma
2026-01-13 12:47:39,040 [INFO] IPUIPlugin:80 - create IPUIPlugin
2026-01-13 12:47:39,040 [INFO] PluginManager:220 - loadIPPluginJar : add nvic
2026-01-13 12:47:39,043 [INFO] IPUIPlugin:80 - create IPUIPlugin
2026-01-13 12:47:39,043 [INFO] PluginManager:220 - loadIPPluginJar : add opamp
2026-01-13 12:47:39,045 [INFO] IPUIPlugin:80 - create IPUIPlugin
2026-01-13 12:47:39,045 [INFO] PluginManager:220 - loadIPPluginJar : add openamp
2026-01-13 12:47:39,049 [INFO] IPUIPlugin:80 - create IPUIPlugin
2026-01-13 12:47:39,049 [INFO] PluginManager:220 - loadIPPluginJar : add pdm2pcm
2026-01-13 12:47:39,053 [INFO] IPUIPlugin:80 - create IPUIPlugin
2026-01-13 12:47:39,055 [INFO] PluginManager:220 - loadIPPluginJar : add plateformsettings
2026-01-13 12:47:39,057 [INFO] IPUIPlugin:80 - create IPUIPlugin
2026-01-13 12:47:39,057 [INFO] PluginManager:220 - loadIPPluginJar : add quadspi
2026-01-13 12:47:39,058 [INFO] IPUIPlugin:80 - create IPUIPlugin
2026-01-13 12:47:39,059 [INFO] PluginManager:220 - loadIPPluginJar : add radio
2026-01-13 12:47:39,063 [INFO] IPUIPlugin:80 - create IPUIPlugin
2026-01-13 12:47:39,063 [INFO] PluginManager:220 - loadIPPluginJar : add resmgrutility
2026-01-13 12:47:39,065 [INFO] IPUIPlugin:80 - create IPUIPlugin
2026-01-13 12:47:39,065 [INFO] PluginManager:220 - loadIPPluginJar : add sai
2026-01-13 12:47:39,066 [INFO] IPUIPlugin:80 - create IPUIPlugin
2026-01-13 12:47:39,067 [INFO] PluginManager:220 - loadIPPluginJar : add spi
2026-01-13 12:47:39,069 [INFO] IPUIPlugin:80 - create IPUIPlugin
2026-01-13 12:47:39,069 [INFO] PluginManager:220 - loadIPPluginJar : add stm32_wpan
2026-01-13 12:47:39,071 [INFO] IPUIPlugin:80 - create IPUIPlugin
2026-01-13 12:47:39,072 [INFO] PluginManager:220 - loadIPPluginJar : add tim
2026-01-13 12:47:39,074 [INFO] IPUIPlugin:80 - create IPUIPlugin
2026-01-13 12:47:39,074 [INFO] PluginManager:220 - loadIPPluginJar : add touchsensing
2026-01-13 12:47:39,076 [INFO] IPUIPlugin:80 - create IPUIPlugin
2026-01-13 12:47:39,076 [INFO] PluginManager:220 - loadIPPluginJar : add tracer_emb
2026-01-13 12:47:39,078 [INFO] IPUIPlugin:80 - create IPUIPlugin
2026-01-13 12:47:39,078 [INFO] PluginManager:220 - loadIPPluginJar : add ts
2026-01-13 12:47:39,080 [INFO] IPUIPlugin:80 - create IPUIPlugin
2026-01-13 12:47:39,080 [INFO] PluginManager:220 - loadIPPluginJar : add tsc
2026-01-13 12:47:39,081 [INFO] IPUIPlugin:80 - create IPUIPlugin
2026-01-13 12:47:39,081 [INFO] PluginManager:220 - loadIPPluginJar : add ucpd
2026-01-13 12:47:39,083 [INFO] IPUIPlugin:80 - create IPUIPlugin
2026-01-13 12:47:39,083 [INFO] PluginManager:220 - loadIPPluginJar : add usart
2026-01-13 12:47:39,085 [INFO] IPUIPlugin:80 - create IPUIPlugin
2026-01-13 12:47:39,085 [INFO] PluginManager:220 - loadIPPluginJar : add usbx
2026-01-13 12:47:39,200 [FATAL] Updater:351 - Updater called before beeing initialized
2026-01-13 12:47:39,219 [INFO] RulesReader:64 - Compatibility file has been processed (297 Rules)
2026-01-13 12:47:39,228 [INFO] RulesReader:64 - Compatibility file has been processed (297 Rules)
2026-01-13 12:47:39,232 [INFO] CADModel:165 - CPN selected for project level
2026-01-13 12:47:39,232 [INFO] CADModel:114 - Register for checkConnection events
2026-01-13 12:47:39,232 [FATAL] Updater:351 - Updater called before beeing initialized
2026-01-13 12:47:39,232 [ERROR] CADModel:125 - Updater not yet initialized, retry later 
2026-01-13 12:47:39,374 [FATAL] Updater:351 - Updater called before beeing initialized
2026-01-13 12:47:39,377 [INFO] CADModel:165 - CPN selected for project level
2026-01-13 12:47:39,377 [INFO] CADModel:114 - Register for checkConnection events
2026-01-13 12:47:39,377 [FATAL] Updater:351 - Updater called before beeing initialized
2026-01-13 12:47:39,377 [ERROR] CADModel:125 - Updater not yet initialized, retry later 
2026-01-13 12:47:39,380 [FATAL] Updater:351 - Updater called before beeing initialized
2026-01-13 12:47:39,462 [FATAL] Updater:351 - Updater called before beeing initialized
2026-01-13 12:47:39,466 [INFO] DbMcusAds:53 - JSON generation date=Thu Jan 08 22:56:32 WIB 2026 (1767887792457)
2026-01-13 12:47:39,466 [FATAL] Updater:351 - Updater called before beeing initialized
2026-01-13 12:47:39,496 [WARN] DetailPanel:346 - Failed to get advertising image, set to default
2026-01-13 12:47:39,676 [FATAL] Updater:351 - Updater called before beeing initialized
2026-01-13 12:47:39,678 [FATAL] Updater:351 - Updater called before beeing initialized
2026-01-13 12:47:39,678 [FATAL] Updater:351 - Updater called before beeing initialized
2026-01-13 12:47:39,678 [WARN] DetailPanel:346 - Failed to get advertising image, set to default
2026-01-13 12:47:39,679 [FATAL] Updater:351 - Updater called before beeing initialized
2026-01-13 12:47:39,715 [ERROR] Updater:1198 - MainUpdater not yet initialized. External WinMGr cannot be set.
2026-01-13 12:47:39,717 [INFO] Updater:1134 - Updater Version found : 6.13.0
2026-01-13 12:47:39,731 [INFO] ApplicationProperties:184 - Using Application install path: C:\ST\STM32CubeIDE_1.17.0\STM32CubeIDE\plugins\com.st.stm32cube.common.mx_6.13.0.202411220809
2026-01-13 12:47:41,316 [ERROR] LogOutputStream:75 - [STDERR_REDIRECT] Jan 13, 2026 12:47:41 PM java.util.prefs.WindowsPreferences <init>
2026-01-13 12:47:41,318 [ERROR] LogOutputStream:75 - [STDERR_REDIRECT] WARNING: Could not open/create prefs root node Software\JavaSoft\Prefs at root 0xffffffff80000002. Windows RegCreateKeyEx(...) returned error code 5.
2026-01-13 12:47:41,318 [ERROR] LogOutputStream:75 - [STDERR_REDIRECT] 
2026-01-13 12:47:41,337 [INFO] ThirdPartyUpdaterWithRetryManager:70 - Updater plugin not ready yet. [2/15]
2026-01-13 12:47:41,775 [INFO] MainUpdater:2872 - connection check result : 10
2026-01-13 12:47:41,776 [INFO] MainUpdater:289 - Updater Check For Update Now.
2026-01-13 12:47:41,776 [INFO] MicroXplorer:498 - Change Database Version : DB.6.0.130
2026-01-13 12:47:41,780 [INFO] McuFinderGlobals:63 - Set McuFinder mode to 2 (CubeIDE integrated)
2026-01-13 12:47:41,781 [INFO] UserAuth:171 - activating auth plugin
2026-01-13 12:47:41,784 [INFO] UserAuth:486 - Internet connection configuration mode: 1
2026-01-13 12:47:41,816 [INFO] JxBrowserEngine:152 - Initiate JxBrowser Engine with user profile folder
2026-01-13 12:47:41,946 [INFO] CheckServerUpdateThread:120 - End of CheckServer Thread
2026-01-13 12:47:42,813 [INFO] WebApp:168 - Instantiating new browser for Auth
2026-01-13 12:47:43,522 [INFO] WebApp:449 - Apply proxy settings
2026-01-13 12:47:43,522 [INFO] WebApp:534 - Chromium requires no authentication
2026-01-13 12:47:43,544 [INFO] WebApp:477 - Direct internet connection detected
2026-01-13 12:47:43,582 [INFO] WebApp:880 - Register for checkConnection events
2026-01-13 12:47:43,582 [INFO] WebApp:449 - Apply proxy settings
2026-01-13 12:47:43,582 [INFO] WebApp:534 - Chromium requires no authentication
2026-01-13 12:47:43,584 [INFO] WebApp:477 - Direct internet connection detected
2026-01-13 12:47:43,769 [INFO] WebApp:221 - Starting web application
2026-01-13 12:47:43,769 [INFO] WebApp:579 - Web application path used C:\ST\STM32CubeIDE_1.17.0\STM32CubeIDE\plugins\com.st.stm32cube.common.mx_6.13.0.202411220809\db\plugins\mcufinder\reactClient1\index.html
2026-01-13 12:47:43,859 [INFO] WebApp:187 - Connection restablished
2026-01-13 12:47:44,479 [WARN] PackLoader:240 - Cannot read IP mode file for STMicroelectronics.FP-SNS-MOTENVWB1.1.4.0
2026-01-13 12:47:44,496 [WARN] PackLoader:240 - Cannot read IP mode file for STMicroelectronics.X-CUBE-SMBUS.2.1.0
2026-01-13 12:47:44,510 [WARN] PackLoader:240 - Cannot read IP mode file for STMicroelectronics.X-CUBE-DISPLAY.3.0.0
2026-01-13 12:47:44,529 [WARN] PackLoader:240 - Cannot read IP mode file for STMicroelectronics.X-CUBE-NFC10.1.0.0
2026-01-13 12:47:44,539 [WARN] PackLoader:240 - Cannot read IP mode file for STMicroelectronics.FP-SNS-SMARTAG2.1.2.0
2026-01-13 12:47:44,549 [WARN] PackLoader:240 - Cannot read IP mode file for STMicroelectronics.X-CUBE-BLE2.3.3.0
2026-01-13 12:47:44,559 [WARN] PackLoader:240 - Cannot read IP mode file for STMicroelectronics.X-CUBE-NFC9.1.0.0
2026-01-13 12:47:44,568 [WARN] PackLoader:240 - Cannot read IP mode file for STMicroelectronics.X-CUBE-NFC4.3.0.0
2026-01-13 12:47:44,574 [WARN] PackLoader:240 - Cannot read IP mode file for STMicroelectronics.FP-ATR-SIGFOX1.3.2.0
2026-01-13 12:47:44,581 [WARN] PackLoader:240 - Cannot read IP mode file for STMicroelectronics.X-CUBE-ISPU.2.1.0
2026-01-13 12:47:44,600 [WARN] PackLoader:240 - Cannot read IP mode file for STMicroelectronics.X-CUBE-NFC6.3.1.0
2026-01-13 12:47:44,613 [WARN] PackLoader:240 - Cannot read IP mode file for STMicroelectronics.X-CUBE-SFXS2LP1.4.0.0
2026-01-13 12:47:44,628 [WARN] PackLoader:240 - Cannot read IP mode file for STMicroelectronics.X-CUBE-SUBG2.5.0.0
2026-01-13 12:47:44,660 [WARN] PackLoader:240 - Cannot read IP mode file for STMicroelectronics.X-CUBE-ALS.1.0.2
2026-01-13 12:47:44,663 [INFO] ThirdParty:978 - Integrity check success = true
2026-01-13 12:47:44,664 [INFO] IntegrityCheckThread:100 - exiting critical section [integrity check]
2026-01-13 12:47:44,664 [INFO] IntegrityCheckThread:103 - End integrity checks thread
2026-01-13 13:20:54,076 [ERROR] LogOutputStream:75 - [STDERR_REDIRECT] 
2026-01-13 13:20:54,080 [ERROR] LogOutputStream:75 - [STDERR_REDIRECT] 
