2026-01-12 10:32:40,467 [INFO] Activator:176 - 


2026-01-12 10:32:40,473 [INFO] Activator:177 - !SESSION log4j initialized
2026-01-12 10:32:46,448 [INFO] LogOutputStream:77 - [STDOUT_REDIRECT] 
2026-01-12 10:32:48,040 [INFO] ApplicationProperties:184 - Using Application install path: C:\ST\STM32CubeIDE_1.17.0\STM32CubeIDE\plugins\com.st.stm32cube.common.mx_6.13.0.202411220809
2026-01-12 10:32:48,058 [INFO] DbMcusXml:78 - Set database path to: C:\ST\STM32CubeIDE_1.17.0\STM32CubeIDE\plugins\com.st.stm32cube.common.mx_6.13.0.202411220809\\db\/mcu/
2026-01-12 10:32:48,058 [INFO] ApiDb:274 - Set plugin database path to: C:\ST\STM32CubeIDE_1.17.0\STM32CubeIDE\plugins\com.st.stm32cube.common.mx_6.13.0.202411220809\\db\/plugins/boardmanager/
2026-01-12 10:32:48,059 [WARN] ApiDb:259 - Overriding images path with different value:  => C:\ST\STM32CubeIDE_1.17.0\STM32CubeIDE\plugins\com.st.stm32cube.common.mx_6.13.0.202411220809\\db\/plugins/mcufinder/images/
2026-01-12 10:32:48,070 [INFO] ApiDb:250 - Set database path to: C:\Users\alvin\.stmcufinder\plugins\mcufinder//mcu/
2026-01-12 10:32:48,071 [INFO] DbMcusAds:125 - Set database path to: C:\Users\alvin\.stmcufinder\plugins\mcufinder//mcu/
2026-01-12 10:32:48,072 [INFO] CrossReferenceDbSqlite:203 - Set database path to: C:\Users\alvin\.stmcufinder\plugins\mcufinder//mcu/cs/
2026-01-12 10:32:48,183 [INFO] RulesReader:64 - Compatibility file has been processed (297 Rules)
2026-01-12 10:32:48,267 [INFO] DbMcusXml:78 - Set database path to: C:\ST\STM32CubeIDE_1.17.0\STM32CubeIDE\plugins\com.st.stm32cube.common.mx_6.13.0.202411220809\\db\/mcu/
2026-01-12 10:32:48,267 [INFO] ApiDb:274 - Set plugin database path to: C:\ST\STM32CubeIDE_1.17.0\STM32CubeIDE\plugins\com.st.stm32cube.common.mx_6.13.0.202411220809\\db\/plugins/boardmanager/
2026-01-12 10:32:48,267 [INFO] ApiDb:261 - Set plugin images path to: C:\ST\STM32CubeIDE_1.17.0\STM32CubeIDE\plugins\com.st.stm32cube.common.mx_6.13.0.202411220809\\db\/plugins/mcufinder/images/
2026-01-12 10:32:48,267 [WARN] DbFile:41 - Overriding database path with different value: C:\Users\alvin\.stmcufinder\plugins\mcufinder/ => C:\Users\alvin\.stmcufinder\plugins\mcufinder
2026-01-12 10:32:48,267 [INFO] ApiDb:250 - Set database path to: C:\Users\alvin\.stmcufinder\plugins\mcufinder//mcu/
2026-01-12 10:32:48,267 [WARN] DbFile:41 - Overriding database path with different value: C:\Users\alvin\.stmcufinder\plugins\mcufinder/ => C:\Users\alvin\.stmcufinder\plugins\mcufinder
2026-01-12 10:32:48,267 [INFO] DbMcusAds:125 - Set database path to: C:\Users\alvin\.stmcufinder\plugins\mcufinder//mcu/
2026-01-12 10:32:48,267 [WARN] DbFile:41 - Overriding database path with different value: C:\Users\alvin\.stmcufinder\plugins\mcufinder/ => C:\Users\alvin\.stmcufinder\plugins\mcufinder
2026-01-12 10:32:48,268 [WARN] DbFile:41 - Overriding database path with different value: C:\Users\alvin\.stmcufinder\plugins\mcufinder/ => C:\Users\alvin\.stmcufinder\plugins\mcufinder
2026-01-12 10:32:48,268 [INFO] CrossReferenceDbSqlite:203 - Set database path to: C:\Users\alvin\.stmcufinder\plugins\mcufinder//mcu/cs/
2026-01-12 10:32:48,346 [INFO] MainPanel:272 - HeapMemory: 268435456
2026-01-12 10:32:48,470 [INFO] DbMcusXml:78 - Set database path to: C:\ST\STM32CubeIDE_1.17.0\STM32CubeIDE\plugins\com.st.stm32cube.common.mx_6.13.0.202411220809\\db\/mcu/
2026-01-12 10:32:48,470 [INFO] ApiDb:274 - Set plugin database path to: C:\ST\STM32CubeIDE_1.17.0\STM32CubeIDE\plugins\com.st.stm32cube.common.mx_6.13.0.202411220809\\db\/plugins/boardmanager/
2026-01-12 10:32:48,470 [INFO] ApiDb:261 - Set plugin images path to: C:\ST\STM32CubeIDE_1.17.0\STM32CubeIDE\plugins\com.st.stm32cube.common.mx_6.13.0.202411220809\\db\/plugins/mcufinder/images/
2026-01-12 10:32:48,470 [WARN] DbFile:41 - Overriding database path with different value: C:\Users\alvin\.stmcufinder\plugins\mcufinder/ => C:\Users\alvin\.stmcufinder\plugins\mcufinder
2026-01-12 10:32:48,470 [INFO] ApiDb:250 - Set database path to: C:\Users\alvin\.stmcufinder\plugins\mcufinder//mcu/
2026-01-12 10:32:48,470 [WARN] DbFile:41 - Overriding database path with different value: C:\Users\alvin\.stmcufinder\plugins\mcufinder/ => C:\Users\alvin\.stmcufinder\plugins\mcufinder
2026-01-12 10:32:48,470 [INFO] DbMcusAds:125 - Set database path to: C:\Users\alvin\.stmcufinder\plugins\mcufinder//mcu/
2026-01-12 10:32:48,470 [WARN] DbFile:41 - Overriding database path with different value: C:\Users\alvin\.stmcufinder\plugins\mcufinder/ => C:\Users\alvin\.stmcufinder\plugins\mcufinder
2026-01-12 10:32:48,470 [WARN] DbFile:41 - Overriding database path with different value: C:\Users\alvin\.stmcufinder\plugins\mcufinder/ => C:\Users\alvin\.stmcufinder\plugins\mcufinder
2026-01-12 10:32:48,470 [INFO] CrossReferenceDbSqlite:203 - Set database path to: C:\Users\alvin\.stmcufinder\plugins\mcufinder//mcu/cs/
2026-01-12 10:32:48,489 [INFO] ApplicationProperties:184 - Using Application install path: C:\ST\STM32CubeIDE_1.17.0\STM32CubeIDE\plugins\com.st.stm32cube.common.mx_6.13.0.202411220809
2026-01-12 10:32:48,489 [INFO] PluginManage:196 - Search for loadable plugins [exclusion list=, ]
2026-01-12 10:32:48,491 [INFO] PluginManage:310 - Check plugin analytics
2026-01-12 10:32:48,646 [INFO] AnalyticsPlugin:253 - Accepted Software Licenses: 
2026-01-12 10:32:48,647 [INFO] AnalyticsPlugin:255 - Accepted CMSIS Pack Licenses: 
2026-01-12 10:32:48,647 [INFO] AnalyticsPlugin:257 - Accepted Firmware Licenses: 
2026-01-12 10:32:48,649 [INFO] PluginManage:359 - Loaded plugin analytics (category:tool,tabindex:-1)
2026-01-12 10:32:48,650 [INFO] PluginManage:310 - Check plugin cadmodel
2026-01-12 10:32:48,670 [INFO] CADModel:105 - Init CAD model plugin
2026-01-12 10:32:48,670 [INFO] PluginManage:359 - Loaded plugin cadmodel (category:power,tabindex:5)
2026-01-12 10:32:48,670 [INFO] PluginManage:310 - Check plugin clock
2026-01-12 10:32:48,694 [INFO] PluginManage:359 - Loaded plugin clock (category:base,tabindex:2)
2026-01-12 10:32:48,694 [INFO] PluginManage:310 - Check plugin ddr
2026-01-12 10:32:48,698 [INFO] PluginManage:359 - Loaded plugin ddr (category:tool,tabindex:6)
2026-01-12 10:32:48,698 [INFO] PluginManage:310 - Check plugin filemanager
2026-01-12 10:32:48,820 [INFO] PluginManage:359 - Loaded plugin filemanager (category:base,tabindex:10)
2026-01-12 10:32:48,820 [INFO] PluginManage:310 - Check plugin ipmanager
2026-01-12 10:32:48,828 [INFO] PluginManage:359 - Loaded plugin ipmanager (category:base,tabindex:5)
2026-01-12 10:32:48,828 [INFO] PluginManage:310 - Check plugin lpbam
2026-01-12 10:32:48,848 [INFO] PluginManage:359 - Loaded plugin lpbam (category:base,tabindex:0)
2026-01-12 10:32:48,849 [INFO] PluginManage:310 - Check plugin memorymap
2026-01-12 10:32:48,874 [INFO] PluginManage:359 - Loaded plugin memorymap (category:base,tabindex:4)
2026-01-12 10:32:48,876 [INFO] PluginManage:310 - Check plugin pinoutandconfiguration
2026-01-12 10:32:48,896 [INFO] PluginManage:359 - Loaded plugin pinoutandconfiguration (category:base,tabindex:1)
2026-01-12 10:32:48,896 [INFO] PluginManage:310 - Check plugin pinoutconfig
2026-01-12 10:32:48,993 [WARN] SupportedApi:132 - Cannot load RTOS API schema: s4s-elt-must-match.1: The content of 'definitions' must match (annotation?, (simpleType | complexType)?, (unique | key | keyref)*)). A problem was found starting at: attribute.
2026-01-12 10:32:49,120 [INFO] PluginManage:359 - Loaded plugin pinoutconfig (category:base,tabindex:0)
2026-01-12 10:32:49,120 [INFO] PluginManage:310 - Check plugin power
2026-01-12 10:32:49,145 [INFO] PluginManage:359 - Loaded plugin power (category:power,tabindex:4)
2026-01-12 10:32:49,145 [INFO] PluginManage:310 - Check plugin projectmanager
2026-01-12 10:32:49,159 [INFO] PluginManage:359 - Loaded plugin projectmanager (category:projectmanager,tabindex:4)
2026-01-12 10:32:49,159 [INFO] PluginManage:310 - Check plugin rif
2026-01-12 10:32:49,183 [INFO] PluginManage:359 - Loaded plugin rif (category:base,tabindex:3)
2026-01-12 10:32:49,183 [INFO] PluginManage:310 - Check plugin thirdparty
2026-01-12 10:32:49,497 [WARN] IntegrityCheckThread:84 - waiting for thirdparty lock release [integrity check]
2026-01-12 10:32:49,497 [INFO] PluginManage:359 - Loaded plugin thirdparty (category:base,tabindex:-1)
2026-01-12 10:32:49,498 [INFO] IntegrityCheckThread:86 - entering critical section [integrity check]
2026-01-12 10:32:49,498 [INFO] PluginManage:310 - Check plugin tools
2026-01-12 10:32:49,498 [INFO] ThirdPartyUpdaterWithRetryManager:70 - Updater plugin not ready yet. [1/15]
2026-01-12 10:32:49,552 [INFO] PluginManage:359 - Loaded plugin tools (category:base,tabindex:7)
2026-01-12 10:32:49,552 [INFO] PluginManage:310 - Check plugin tutovideos
2026-01-12 10:32:49,750 [INFO] PluginManage:359 - Loaded plugin tutovideos (category:base,tabindex:-1)
2026-01-12 10:32:49,750 [INFO] PluginManage:310 - Check plugin updater
2026-01-12 10:32:49,772 [INFO] PluginManage:359 - Loaded plugin updater (category:base,tabindex:12)
2026-01-12 10:32:49,772 [INFO] PluginManage:310 - Check plugin userauth
2026-01-12 10:32:49,777 [INFO] UserAuth:118 - Init User Auth plugin
2026-01-12 10:32:49,778 [INFO] PluginManage:359 - Loaded plugin userauth (category:base,tabindex:14)
2026-01-12 10:32:49,778 [INFO] PluginManage:283 - PluginManage : Loaded plugins [18]
2026-01-12 10:32:50,028 [INFO] PinOutPanel:1589 - setPackage(No Configuration,No Configuration)
2026-01-12 10:32:50,111 [INFO] CADModel:165 - CPN selected for project level
2026-01-12 10:32:50,112 [INFO] CADModel:114 - Register for checkConnection events
2026-01-12 10:32:50,149 [INFO] IPUIPlugin:80 - create IPUIPlugin
2026-01-12 10:32:50,149 [INFO] PluginManager:220 - loadIPPluginJar : add adc
2026-01-12 10:32:50,207 [INFO] IPUIPlugin:80 - create IPUIPlugin
2026-01-12 10:32:50,207 [INFO] PluginManager:220 - loadIPPluginJar : add aes
2026-01-12 10:32:50,279 [INFO] IPUIPlugin:80 - create IPUIPlugin
2026-01-12 10:32:50,279 [INFO] PluginManager:220 - loadIPPluginJar : add can
2026-01-12 10:32:50,318 [INFO] IPUIPlugin:80 - create IPUIPlugin
2026-01-12 10:32:50,318 [INFO] PluginManager:220 - loadIPPluginJar : add comp
2026-01-12 10:32:50,363 [INFO] IPUIPlugin:80 - create IPUIPlugin
2026-01-12 10:32:50,363 [INFO] PluginManager:220 - loadIPPluginJar : add cryp
2026-01-12 10:32:50,379 [INFO] IPUIPlugin:80 - create IPUIPlugin
2026-01-12 10:32:50,380 [INFO] PluginManager:220 - loadIPPluginJar : add ddr_ctrl_phy
2026-01-12 10:32:50,418 [INFO] IPUIPlugin:80 - create IPUIPlugin
2026-01-12 10:32:50,418 [INFO] PluginManager:220 - loadIPPluginJar : add dfsdm
2026-01-12 10:32:50,435 [INFO] IPUIPlugin:80 - create IPUIPlugin
2026-01-12 10:32:50,435 [INFO] PluginManager:220 - loadIPPluginJar : add dma
2026-01-12 10:32:50,487 [INFO] IPUIPlugin:80 - create IPUIPlugin
2026-01-12 10:32:50,487 [INFO] PluginManager:220 - loadIPPluginJar : add dma3
2026-01-12 10:32:50,546 [INFO] IPUIPlugin:80 - create IPUIPlugin
2026-01-12 10:32:50,546 [INFO] PluginManager:220 - loadIPPluginJar : add extmemmanager
2026-01-12 10:32:50,578 [INFO] IPUIPlugin:80 - create IPUIPlugin
2026-01-12 10:32:50,578 [INFO] PluginManager:220 - loadIPPluginJar : add fatfs
2026-01-12 10:32:50,640 [INFO] IPUIPlugin:80 - create IPUIPlugin
2026-01-12 10:32:50,640 [INFO] PluginManager:220 - loadIPPluginJar : add fmc
2026-01-12 10:32:50,668 [INFO] IPUIPlugin:80 - create IPUIPlugin
2026-01-12 10:32:50,668 [INFO] PluginManager:220 - loadIPPluginJar : add freertos
2026-01-12 10:32:50,702 [INFO] IPUIPlugin:80 - create IPUIPlugin
2026-01-12 10:32:50,703 [INFO] PluginManager:220 - loadIPPluginJar : add genericplugin
2026-01-12 10:32:50,801 [INFO] IPUIPlugin:80 - create IPUIPlugin
2026-01-12 10:32:50,802 [INFO] PluginManager:220 - loadIPPluginJar : add gfxmmu
2026-01-12 10:32:50,986 [INFO] IPUIPlugin:80 - create IPUIPlugin
2026-01-12 10:32:50,986 [INFO] PluginManager:220 - loadIPPluginJar : add gic
2026-01-12 10:32:51,004 [INFO] IPUIPlugin:80 - create IPUIPlugin
2026-01-12 10:32:51,004 [INFO] PluginManager:220 - loadIPPluginJar : add gpio
2026-01-12 10:32:51,113 [INFO] IPUIPlugin:80 - create IPUIPlugin
2026-01-12 10:32:51,113 [INFO] PluginManager:220 - loadIPPluginJar : add gtzc
2026-01-12 10:32:51,157 [INFO] IPUIPlugin:80 - create IPUIPlugin
2026-01-12 10:32:51,159 [INFO] PluginManager:220 - loadIPPluginJar : add hash
2026-01-12 10:32:51,248 [INFO] IPUIPlugin:80 - create IPUIPlugin
2026-01-12 10:32:51,248 [INFO] PluginManager:220 - loadIPPluginJar : add i2c
2026-01-12 10:32:51,313 [INFO] IPUIPlugin:80 - create IPUIPlugin
2026-01-12 10:32:51,313 [INFO] PluginManager:220 - loadIPPluginJar : add i2s
2026-01-12 10:32:51,359 [INFO] IPUIPlugin:80 - create IPUIPlugin
2026-01-12 10:32:51,359 [INFO] PluginManager:220 - loadIPPluginJar : add i3c
2026-01-12 10:32:51,491 [INFO] IPUIPlugin:80 - create IPUIPlugin
2026-01-12 10:32:51,491 [INFO] PluginManager:220 - loadIPPluginJar : add ipddr
2026-01-12 10:32:51,612 [INFO] IPUIPlugin:80 - create IPUIPlugin
2026-01-12 10:32:51,612 [INFO] PluginManager:220 - loadIPPluginJar : add linkedlist
2026-01-12 10:32:51,675 [INFO] IPUIPlugin:80 - create IPUIPlugin
2026-01-12 10:32:51,675 [INFO] PluginManager:220 - loadIPPluginJar : add lorawan
2026-01-12 10:32:51,729 [INFO] IPUIPlugin:80 - create IPUIPlugin
2026-01-12 10:32:51,729 [INFO] PluginManager:220 - loadIPPluginJar : add ltdc
2026-01-12 10:32:51,748 [INFO] IPUIPlugin:80 - create IPUIPlugin
2026-01-12 10:32:51,748 [INFO] PluginManager:220 - loadIPPluginJar : add mdma
2026-01-12 10:32:51,766 [INFO] IPUIPlugin:80 - create IPUIPlugin
2026-01-12 10:32:51,766 [INFO] PluginManager:220 - loadIPPluginJar : add nvic
2026-01-12 10:32:51,817 [INFO] IPUIPlugin:80 - create IPUIPlugin
2026-01-12 10:32:51,817 [INFO] PluginManager:220 - loadIPPluginJar : add opamp
2026-01-12 10:32:51,885 [INFO] IPUIPlugin:80 - create IPUIPlugin
2026-01-12 10:32:51,885 [INFO] PluginManager:220 - loadIPPluginJar : add openamp
2026-01-12 10:32:51,949 [INFO] IPUIPlugin:80 - create IPUIPlugin
2026-01-12 10:32:51,950 [INFO] PluginManager:220 - loadIPPluginJar : add pdm2pcm
2026-01-12 10:32:51,967 [INFO] IPUIPlugin:80 - create IPUIPlugin
2026-01-12 10:32:51,970 [INFO] PluginManager:220 - loadIPPluginJar : add plateformsettings
2026-01-12 10:32:51,999 [INFO] IPUIPlugin:80 - create IPUIPlugin
2026-01-12 10:32:51,999 [INFO] PluginManager:220 - loadIPPluginJar : add quadspi
2026-01-12 10:32:52,028 [INFO] IPUIPlugin:80 - create IPUIPlugin
2026-01-12 10:32:52,029 [INFO] PluginManager:220 - loadIPPluginJar : add radio
2026-01-12 10:32:52,046 [INFO] IPUIPlugin:80 - create IPUIPlugin
2026-01-12 10:32:52,046 [INFO] PluginManager:220 - loadIPPluginJar : add resmgrutility
2026-01-12 10:32:52,098 [INFO] IPUIPlugin:80 - create IPUIPlugin
2026-01-12 10:32:52,098 [INFO] PluginManager:220 - loadIPPluginJar : add sai
2026-01-12 10:32:52,139 [INFO] IPUIPlugin:80 - create IPUIPlugin
2026-01-12 10:32:52,139 [INFO] PluginManager:220 - loadIPPluginJar : add spi
2026-01-12 10:32:52,212 [INFO] IPUIPlugin:80 - create IPUIPlugin
2026-01-12 10:32:52,212 [INFO] PluginManager:220 - loadIPPluginJar : add stm32_wpan
2026-01-12 10:32:52,242 [INFO] IPUIPlugin:80 - create IPUIPlugin
2026-01-12 10:32:52,242 [INFO] PluginManager:220 - loadIPPluginJar : add tim
2026-01-12 10:32:52,309 [INFO] IPUIPlugin:80 - create IPUIPlugin
2026-01-12 10:32:52,309 [INFO] PluginManager:220 - loadIPPluginJar : add touchsensing
2026-01-12 10:32:52,338 [INFO] IPUIPlugin:80 - create IPUIPlugin
2026-01-12 10:32:52,338 [INFO] PluginManager:220 - loadIPPluginJar : add tracer_emb
2026-01-12 10:32:52,370 [INFO] IPUIPlugin:80 - create IPUIPlugin
2026-01-12 10:32:52,370 [INFO] PluginManager:220 - loadIPPluginJar : add ts
2026-01-12 10:32:52,405 [INFO] IPUIPlugin:80 - create IPUIPlugin
2026-01-12 10:32:52,405 [INFO] PluginManager:220 - loadIPPluginJar : add tsc
2026-01-12 10:32:52,436 [INFO] IPUIPlugin:80 - create IPUIPlugin
2026-01-12 10:32:52,437 [INFO] PluginManager:220 - loadIPPluginJar : add ucpd
2026-01-12 10:32:52,490 [INFO] IPUIPlugin:80 - create IPUIPlugin
2026-01-12 10:32:52,490 [INFO] PluginManager:220 - loadIPPluginJar : add usart
2026-01-12 10:32:52,498 [INFO] ThirdPartyUpdaterWithRetryManager:70 - Updater plugin not ready yet. [2/15]
2026-01-12 10:32:52,557 [INFO] IPUIPlugin:80 - create IPUIPlugin
2026-01-12 10:32:52,558 [INFO] PluginManager:220 - loadIPPluginJar : add usbx
2026-01-12 10:32:52,686 [FATAL] Updater:351 - Updater called before beeing initialized
2026-01-12 10:32:52,709 [INFO] RulesReader:64 - Compatibility file has been processed (297 Rules)
2026-01-12 10:32:52,716 [INFO] RulesReader:64 - Compatibility file has been processed (297 Rules)
2026-01-12 10:32:52,722 [INFO] CADModel:165 - CPN selected for project level
2026-01-12 10:32:52,722 [INFO] CADModel:114 - Register for checkConnection events
2026-01-12 10:32:52,722 [FATAL] Updater:351 - Updater called before beeing initialized
2026-01-12 10:32:52,722 [ERROR] CADModel:125 - Updater not yet initialized, retry later 
2026-01-12 10:32:52,888 [FATAL] Updater:351 - Updater called before beeing initialized
2026-01-12 10:32:52,890 [INFO] CADModel:165 - CPN selected for project level
2026-01-12 10:32:52,890 [INFO] CADModel:114 - Register for checkConnection events
2026-01-12 10:32:52,890 [FATAL] Updater:351 - Updater called before beeing initialized
2026-01-12 10:32:52,890 [ERROR] CADModel:125 - Updater not yet initialized, retry later 
2026-01-12 10:32:52,893 [FATAL] Updater:351 - Updater called before beeing initialized
2026-01-12 10:32:52,977 [FATAL] Updater:351 - Updater called before beeing initialized
2026-01-12 10:32:52,991 [INFO] DbMcusAds:53 - JSON generation date=Thu Sep 30 13:55:09 WIB 2021 (1632984909247)
2026-01-12 10:32:52,993 [FATAL] Updater:351 - Updater called before beeing initialized
2026-01-12 10:32:53,028 [WARN] DetailPanel:346 - Failed to get advertising image, set to default
2026-01-12 10:32:53,201 [FATAL] Updater:351 - Updater called before beeing initialized
2026-01-12 10:32:53,203 [FATAL] Updater:351 - Updater called before beeing initialized
2026-01-12 10:32:53,203 [FATAL] Updater:351 - Updater called before beeing initialized
2026-01-12 10:32:53,203 [WARN] DetailPanel:346 - Failed to get advertising image, set to default
2026-01-12 10:32:53,203 [FATAL] Updater:351 - Updater called before beeing initialized
2026-01-12 10:32:53,263 [ERROR] Updater:1198 - MainUpdater not yet initialized. External WinMGr cannot be set.
2026-01-12 10:32:53,275 [INFO] Updater:1134 - Updater Version found : 6.13.0
2026-01-12 10:32:53,292 [INFO] ApplicationProperties:184 - Using Application install path: C:\ST\STM32CubeIDE_1.17.0\STM32CubeIDE\plugins\com.st.stm32cube.common.mx_6.13.0.202411220809
2026-01-12 10:32:54,876 [ERROR] LogOutputStream:75 - [STDERR_REDIRECT] Jan 12, 2026 10:32:54 AM java.util.prefs.WindowsPreferences <init>
2026-01-12 10:32:54,878 [ERROR] LogOutputStream:75 - [STDERR_REDIRECT] WARNING: Could not open/create prefs root node Software\JavaSoft\Prefs at root 0xffffffff80000002. Windows RegCreateKeyEx(...) returned error code 5.
2026-01-12 10:32:54,878 [ERROR] LogOutputStream:75 - [STDERR_REDIRECT] 
2026-01-12 10:32:55,500 [INFO] ThirdPartyUpdaterWithRetryManager:70 - Updater plugin not ready yet. [3/15]
2026-01-12 10:32:58,135 [INFO] MainUpdater:2872 - connection check result : 10
2026-01-12 10:32:58,135 [INFO] MainUpdater:3566 - Updater definition file requires update
2026-01-12 10:32:58,135 [INFO] MainUpdater:289 - Updater Check For Update Now.
2026-01-12 10:32:58,135 [INFO] MicroXplorer:498 - Change Database Version : DB.6.0.130
2026-01-12 10:32:58,161 [INFO] McuFinderGlobals:63 - Set McuFinder mode to 2 (CubeIDE integrated)
2026-01-12 10:32:58,161 [INFO] UserAuth:171 - activating auth plugin
2026-01-12 10:32:58,164 [INFO] UserAuth:486 - Internet connection configuration mode: 1
2026-01-12 10:32:58,200 [INFO] JxBrowserEngine:152 - Initiate JxBrowser Engine with user profile folder
2026-01-12 10:32:58,493 [INFO] ServerAccessManage:473 - Download File updaters.zip
2026-01-12 10:32:58,501 [WARN] MainUpdater:1193 - Updater busy. Cannot search thirdparties
2026-01-12 10:32:58,502 [INFO] ThirdPartyUpdaterWithRetryManager:96 - Updater plugin is busy. [1/15]
2026-01-12 10:32:58,647 [INFO] FileExtend:240 - Unzip File : updaters.zip
2026-01-12 10:32:58,647 [INFO] FileExtend:255 - Standard Zip Deflate
2026-01-12 10:33:00,008 [INFO] ServerAccessManage:473 - Download File PacksControlFlags.xml
2026-01-12 10:33:00,121 [INFO] WebApp:168 - Instantiating new browser for Auth
2026-01-12 10:33:00,154 [INFO] ServerAccessManage:473 - Download File cubemx.pidx
2026-01-12 10:33:00,385 [INFO] LoadServerUpdatesThread:375 - End of LoadServerUpdate Thread
2026-01-12 10:33:00,591 [INFO] CheckServerUpdateThread:120 - End of CheckServer Thread
2026-01-12 10:33:01,185 [INFO] WebApp:449 - Apply proxy settings
2026-01-12 10:33:01,186 [INFO] WebApp:534 - Chromium requires no authentication
2026-01-12 10:33:01,211 [INFO] WebApp:477 - Direct internet connection detected
2026-01-12 10:33:01,256 [INFO] WebApp:880 - Register for checkConnection events
2026-01-12 10:33:01,256 [INFO] WebApp:449 - Apply proxy settings
2026-01-12 10:33:01,256 [INFO] WebApp:534 - Chromium requires no authentication
2026-01-12 10:33:01,256 [INFO] WebApp:477 - Direct internet connection detected
2026-01-12 10:33:01,548 [INFO] WebApp:221 - Starting web application
2026-01-12 10:33:01,548 [INFO] WebApp:579 - Web application path used C:\ST\STM32CubeIDE_1.17.0\STM32CubeIDE\plugins\com.st.stm32cube.common.mx_6.13.0.202411220809\db\plugins\mcufinder\reactClient1\index.html
2026-01-12 10:33:01,574 [INFO] WebApp:187 - Connection restablished
2026-01-12 10:33:01,769 [WARN] PackLoader:240 - Cannot read IP mode file for STMicroelectronics.FP-SNS-MOTENVWB1.1.4.0
2026-01-12 10:33:01,800 [WARN] PackLoader:240 - Cannot read IP mode file for STMicroelectronics.X-CUBE-SMBUS.2.1.0
2026-01-12 10:33:01,843 [WARN] PackLoader:240 - Cannot read IP mode file for STMicroelectronics.X-CUBE-DISPLAY.3.0.0
2026-01-12 10:33:01,899 [WARN] PackLoader:240 - Cannot read IP mode file for STMicroelectronics.X-CUBE-NFC10.1.0.0
2026-01-12 10:33:01,928 [WARN] PackLoader:240 - Cannot read IP mode file for STMicroelectronics.FP-SNS-SMARTAG2.1.2.0
2026-01-12 10:33:01,960 [WARN] PackLoader:240 - Cannot read IP mode file for STMicroelectronics.X-CUBE-BLE2.3.3.0
2026-01-12 10:33:02,009 [WARN] PackLoader:240 - Cannot read IP mode file for STMicroelectronics.X-CUBE-NFC9.1.0.0
2026-01-12 10:33:02,050 [WARN] PackLoader:240 - Cannot read IP mode file for STMicroelectronics.X-CUBE-NFC4.3.0.0
2026-01-12 10:33:02,075 [WARN] PackLoader:240 - Cannot read IP mode file for STMicroelectronics.FP-ATR-SIGFOX1.3.2.0
2026-01-12 10:33:02,108 [WARN] PackLoader:240 - Cannot read IP mode file for STMicroelectronics.X-CUBE-ISPU.2.1.0
2026-01-12 10:33:02,146 [WARN] PackLoader:240 - Cannot read IP mode file for STMicroelectronics.X-CUBE-NFC6.3.1.0
2026-01-12 10:33:02,178 [WARN] PackLoader:240 - Cannot read IP mode file for STMicroelectronics.X-CUBE-SFXS2LP1.4.0.0
2026-01-12 10:33:02,220 [WARN] PackLoader:240 - Cannot read IP mode file for STMicroelectronics.X-CUBE-SUBG2.5.0.0
2026-01-12 10:33:02,270 [WARN] PackLoader:240 - Cannot read IP mode file for STMicroelectronics.X-CUBE-ALS.1.0.2
2026-01-12 10:33:02,273 [INFO] ThirdParty:978 - Integrity check success = true
2026-01-12 10:33:02,273 [INFO] IntegrityCheckThread:100 - exiting critical section [integrity check]
2026-01-12 10:33:02,274 [INFO] IntegrityCheckThread:103 - End integrity checks thread
2026-01-12 17:03:30,831 [ERROR] LogOutputStream:75 - [STDERR_REDIRECT] 
