2026-01-13 09:14:06,677 [INFO] Activator:176 - 


2026-01-13 09:14:06,683 [INFO] Activator:177 - !SESSION log4j initialized
2026-01-13 09:14:11,917 [INFO] LogOutputStream:77 - [STDOUT_REDIRECT] 
2026-01-13 09:14:12,794 [INFO] ApplicationProperties:184 - Using Application install path: C:\ST\STM32CubeIDE_1.17.0\STM32CubeIDE\plugins\com.st.stm32cube.common.mx_6.13.0.202411220809
2026-01-13 09:14:12,818 [INFO] DbMcusXml:78 - Set database path to: C:\ST\STM32CubeIDE_1.17.0\STM32CubeIDE\plugins\com.st.stm32cube.common.mx_6.13.0.202411220809\\db\/mcu/
2026-01-13 09:14:12,819 [INFO] ApiDb:274 - Set plugin database path to: C:\ST\STM32CubeIDE_1.17.0\STM32CubeIDE\plugins\com.st.stm32cube.common.mx_6.13.0.202411220809\\db\/plugins/boardmanager/
2026-01-13 09:14:12,820 [WARN] ApiDb:259 - Overriding images path with different value:  => C:\ST\STM32CubeIDE_1.17.0\STM32CubeIDE\plugins\com.st.stm32cube.common.mx_6.13.0.202411220809\\db\/plugins/mcufinder/images/
2026-01-13 09:14:12,825 [INFO] ApiDb:250 - Set database path to: C:\Users\alvin\.stmcufinder\plugins\mcufinder//mcu/
2026-01-13 09:14:12,826 [INFO] DbMcusAds:125 - Set database path to: C:\Users\alvin\.stmcufinder\plugins\mcufinder//mcu/
2026-01-13 09:14:12,829 [INFO] CrossReferenceDbSqlite:203 - Set database path to: C:\Users\alvin\.stmcufinder\plugins\mcufinder//mcu/cs/
2026-01-13 09:14:12,952 [INFO] RulesReader:64 - Compatibility file has been processed (297 Rules)
2026-01-13 09:14:13,028 [INFO] DbMcusXml:78 - Set database path to: C:\ST\STM32CubeIDE_1.17.0\STM32CubeIDE\plugins\com.st.stm32cube.common.mx_6.13.0.202411220809\\db\/mcu/
2026-01-13 09:14:13,028 [INFO] ApiDb:274 - Set plugin database path to: C:\ST\STM32CubeIDE_1.17.0\STM32CubeIDE\plugins\com.st.stm32cube.common.mx_6.13.0.202411220809\\db\/plugins/boardmanager/
2026-01-13 09:14:13,028 [INFO] ApiDb:261 - Set plugin images path to: C:\ST\STM32CubeIDE_1.17.0\STM32CubeIDE\plugins\com.st.stm32cube.common.mx_6.13.0.202411220809\\db\/plugins/mcufinder/images/
2026-01-13 09:14:13,029 [WARN] DbFile:41 - Overriding database path with different value: C:\Users\alvin\.stmcufinder\plugins\mcufinder/ => C:\Users\alvin\.stmcufinder\plugins\mcufinder
2026-01-13 09:14:13,029 [INFO] ApiDb:250 - Set database path to: C:\Users\alvin\.stmcufinder\plugins\mcufinder//mcu/
2026-01-13 09:14:13,029 [WARN] DbFile:41 - Overriding database path with different value: C:\Users\alvin\.stmcufinder\plugins\mcufinder/ => C:\Users\alvin\.stmcufinder\plugins\mcufinder
2026-01-13 09:14:13,029 [INFO] DbMcusAds:125 - Set database path to: C:\Users\alvin\.stmcufinder\plugins\mcufinder//mcu/
2026-01-13 09:14:13,029 [WARN] DbFile:41 - Overriding database path with different value: C:\Users\alvin\.stmcufinder\plugins\mcufinder/ => C:\Users\alvin\.stmcufinder\plugins\mcufinder
2026-01-13 09:14:13,029 [WARN] DbFile:41 - Overriding database path with different value: C:\Users\alvin\.stmcufinder\plugins\mcufinder/ => C:\Users\alvin\.stmcufinder\plugins\mcufinder
2026-01-13 09:14:13,029 [INFO] CrossReferenceDbSqlite:203 - Set database path to: C:\Users\alvin\.stmcufinder\plugins\mcufinder//mcu/cs/
2026-01-13 09:14:13,112 [INFO] MainPanel:272 - HeapMemory: 268435456
2026-01-13 09:14:13,187 [INFO] DbMcusXml:78 - Set database path to: C:\ST\STM32CubeIDE_1.17.0\STM32CubeIDE\plugins\com.st.stm32cube.common.mx_6.13.0.202411220809\\db\/mcu/
2026-01-13 09:14:13,187 [INFO] ApiDb:274 - Set plugin database path to: C:\ST\STM32CubeIDE_1.17.0\STM32CubeIDE\plugins\com.st.stm32cube.common.mx_6.13.0.202411220809\\db\/plugins/boardmanager/
2026-01-13 09:14:13,187 [INFO] ApiDb:261 - Set plugin images path to: C:\ST\STM32CubeIDE_1.17.0\STM32CubeIDE\plugins\com.st.stm32cube.common.mx_6.13.0.202411220809\\db\/plugins/mcufinder/images/
2026-01-13 09:14:13,188 [WARN] DbFile:41 - Overriding database path with different value: C:\Users\alvin\.stmcufinder\plugins\mcufinder/ => C:\Users\alvin\.stmcufinder\plugins\mcufinder
2026-01-13 09:14:13,188 [INFO] ApiDb:250 - Set database path to: C:\Users\alvin\.stmcufinder\plugins\mcufinder//mcu/
2026-01-13 09:14:13,188 [WARN] DbFile:41 - Overriding database path with different value: C:\Users\alvin\.stmcufinder\plugins\mcufinder/ => C:\Users\alvin\.stmcufinder\plugins\mcufinder
2026-01-13 09:14:13,188 [INFO] DbMcusAds:125 - Set database path to: C:\Users\alvin\.stmcufinder\plugins\mcufinder//mcu/
2026-01-13 09:14:13,188 [WARN] DbFile:41 - Overriding database path with different value: C:\Users\alvin\.stmcufinder\plugins\mcufinder/ => C:\Users\alvin\.stmcufinder\plugins\mcufinder
2026-01-13 09:14:13,188 [WARN] DbFile:41 - Overriding database path with different value: C:\Users\alvin\.stmcufinder\plugins\mcufinder/ => C:\Users\alvin\.stmcufinder\plugins\mcufinder
2026-01-13 09:14:13,188 [INFO] CrossReferenceDbSqlite:203 - Set database path to: C:\Users\alvin\.stmcufinder\plugins\mcufinder//mcu/cs/
2026-01-13 09:14:13,206 [INFO] ApplicationProperties:184 - Using Application install path: C:\ST\STM32CubeIDE_1.17.0\STM32CubeIDE\plugins\com.st.stm32cube.common.mx_6.13.0.202411220809
2026-01-13 09:14:13,208 [INFO] PluginManage:196 - Search for loadable plugins [exclusion list=, ]
2026-01-13 09:14:13,209 [INFO] PluginManage:310 - Check plugin analytics
2026-01-13 09:14:13,386 [INFO] AnalyticsPlugin:253 - Accepted Software Licenses: 
2026-01-13 09:14:13,386 [INFO] AnalyticsPlugin:255 - Accepted CMSIS Pack Licenses: 
2026-01-13 09:14:13,386 [INFO] AnalyticsPlugin:257 - Accepted Firmware Licenses: 
2026-01-13 09:14:13,390 [INFO] PluginManage:359 - Loaded plugin analytics (category:tool,tabindex:-1)
2026-01-13 09:14:13,391 [INFO] PluginManage:310 - Check plugin cadmodel
2026-01-13 09:14:13,396 [INFO] CADModel:105 - Init CAD model plugin
2026-01-13 09:14:13,396 [INFO] PluginManage:359 - Loaded plugin cadmodel (category:power,tabindex:5)
2026-01-13 09:14:13,396 [INFO] PluginManage:310 - Check plugin clock
2026-01-13 09:14:13,406 [INFO] PluginManage:359 - Loaded plugin clock (category:base,tabindex:2)
2026-01-13 09:14:13,406 [INFO] PluginManage:310 - Check plugin ddr
2026-01-13 09:14:13,408 [INFO] PluginManage:359 - Loaded plugin ddr (category:tool,tabindex:6)
2026-01-13 09:14:13,409 [INFO] PluginManage:310 - Check plugin filemanager
2026-01-13 09:14:13,557 [INFO] PluginManage:359 - Loaded plugin filemanager (category:base,tabindex:10)
2026-01-13 09:14:13,557 [INFO] PluginManage:310 - Check plugin ipmanager
2026-01-13 09:14:13,564 [INFO] PluginManage:359 - Loaded plugin ipmanager (category:base,tabindex:5)
2026-01-13 09:14:13,564 [INFO] PluginManage:310 - Check plugin lpbam
2026-01-13 09:14:13,571 [INFO] PluginManage:359 - Loaded plugin lpbam (category:base,tabindex:0)
2026-01-13 09:14:13,571 [INFO] PluginManage:310 - Check plugin memorymap
2026-01-13 09:14:13,583 [INFO] PluginManage:359 - Loaded plugin memorymap (category:base,tabindex:4)
2026-01-13 09:14:13,583 [INFO] PluginManage:310 - Check plugin pinoutandconfiguration
2026-01-13 09:14:13,591 [INFO] PluginManage:359 - Loaded plugin pinoutandconfiguration (category:base,tabindex:1)
2026-01-13 09:14:13,591 [INFO] PluginManage:310 - Check plugin pinoutconfig
2026-01-13 09:14:13,672 [WARN] SupportedApi:132 - Cannot load RTOS API schema: s4s-elt-must-match.1: The content of 'definitions' must match (annotation?, (simpleType | complexType)?, (unique | key | keyref)*)). A problem was found starting at: attribute.
2026-01-13 09:14:13,783 [INFO] PluginManage:359 - Loaded plugin pinoutconfig (category:base,tabindex:0)
2026-01-13 09:14:13,784 [INFO] PluginManage:310 - Check plugin power
2026-01-13 09:14:13,791 [INFO] PluginManage:359 - Loaded plugin power (category:power,tabindex:4)
2026-01-13 09:14:13,791 [INFO] PluginManage:310 - Check plugin projectmanager
2026-01-13 09:14:13,806 [INFO] PluginManage:359 - Loaded plugin projectmanager (category:projectmanager,tabindex:4)
2026-01-13 09:14:13,806 [INFO] PluginManage:310 - Check plugin rif
2026-01-13 09:14:13,814 [INFO] PluginManage:359 - Loaded plugin rif (category:base,tabindex:3)
2026-01-13 09:14:13,814 [INFO] PluginManage:310 - Check plugin thirdparty
2026-01-13 09:14:13,917 [INFO] PluginManage:359 - Loaded plugin thirdparty (category:base,tabindex:-1)
2026-01-13 09:14:13,917 [WARN] IntegrityCheckThread:84 - waiting for thirdparty lock release [integrity check]
2026-01-13 09:14:13,917 [INFO] PluginManage:310 - Check plugin tools
2026-01-13 09:14:13,917 [INFO] IntegrityCheckThread:86 - entering critical section [integrity check]
2026-01-13 09:14:13,918 [INFO] ThirdPartyUpdaterWithRetryManager:70 - Updater plugin not ready yet. [1/15]
2026-01-13 09:14:13,921 [INFO] PluginManage:359 - Loaded plugin tools (category:base,tabindex:7)
2026-01-13 09:14:13,921 [INFO] PluginManage:310 - Check plugin tutovideos
2026-01-13 09:14:14,099 [INFO] PluginManage:359 - Loaded plugin tutovideos (category:base,tabindex:-1)
2026-01-13 09:14:14,100 [INFO] PluginManage:310 - Check plugin updater
2026-01-13 09:14:14,122 [INFO] PluginManage:359 - Loaded plugin updater (category:base,tabindex:12)
2026-01-13 09:14:14,122 [INFO] PluginManage:310 - Check plugin userauth
2026-01-13 09:14:14,126 [INFO] UserAuth:118 - Init User Auth plugin
2026-01-13 09:14:14,128 [INFO] PluginManage:359 - Loaded plugin userauth (category:base,tabindex:14)
2026-01-13 09:14:14,128 [INFO] PluginManage:283 - PluginManage : Loaded plugins [18]
2026-01-13 09:14:14,363 [INFO] PinOutPanel:1589 - setPackage(No Configuration,No Configuration)
2026-01-13 09:14:14,453 [INFO] CADModel:165 - CPN selected for project level
2026-01-13 09:14:14,453 [INFO] CADModel:114 - Register for checkConnection events
2026-01-13 09:14:14,471 [INFO] IPUIPlugin:80 - create IPUIPlugin
2026-01-13 09:14:14,471 [INFO] PluginManager:220 - loadIPPluginJar : add adc
2026-01-13 09:14:14,474 [INFO] IPUIPlugin:80 - create IPUIPlugin
2026-01-13 09:14:14,475 [INFO] PluginManager:220 - loadIPPluginJar : add aes
2026-01-13 09:14:14,477 [INFO] IPUIPlugin:80 - create IPUIPlugin
2026-01-13 09:14:14,477 [INFO] PluginManager:220 - loadIPPluginJar : add can
2026-01-13 09:14:14,478 [INFO] IPUIPlugin:80 - create IPUIPlugin
2026-01-13 09:14:14,479 [INFO] PluginManager:220 - loadIPPluginJar : add comp
2026-01-13 09:14:14,480 [INFO] IPUIPlugin:80 - create IPUIPlugin
2026-01-13 09:14:14,481 [INFO] PluginManager:220 - loadIPPluginJar : add cryp
2026-01-13 09:14:14,483 [INFO] IPUIPlugin:80 - create IPUIPlugin
2026-01-13 09:14:14,483 [INFO] PluginManager:220 - loadIPPluginJar : add ddr_ctrl_phy
2026-01-13 09:14:14,486 [INFO] IPUIPlugin:80 - create IPUIPlugin
2026-01-13 09:14:14,487 [INFO] PluginManager:220 - loadIPPluginJar : add dfsdm
2026-01-13 09:14:14,492 [INFO] IPUIPlugin:80 - create IPUIPlugin
2026-01-13 09:14:14,493 [INFO] PluginManager:220 - loadIPPluginJar : add dma
2026-01-13 09:14:14,496 [INFO] IPUIPlugin:80 - create IPUIPlugin
2026-01-13 09:14:14,496 [INFO] PluginManager:220 - loadIPPluginJar : add dma3
2026-01-13 09:14:14,499 [INFO] IPUIPlugin:80 - create IPUIPlugin
2026-01-13 09:14:14,500 [INFO] PluginManager:220 - loadIPPluginJar : add extmemmanager
2026-01-13 09:14:14,501 [INFO] IPUIPlugin:80 - create IPUIPlugin
2026-01-13 09:14:14,502 [INFO] PluginManager:220 - loadIPPluginJar : add fatfs
2026-01-13 09:14:14,506 [INFO] IPUIPlugin:80 - create IPUIPlugin
2026-01-13 09:14:14,506 [INFO] PluginManager:220 - loadIPPluginJar : add fmc
2026-01-13 09:14:14,512 [INFO] IPUIPlugin:80 - create IPUIPlugin
2026-01-13 09:14:14,513 [INFO] PluginManager:220 - loadIPPluginJar : add freertos
2026-01-13 09:14:14,514 [INFO] IPUIPlugin:80 - create IPUIPlugin
2026-01-13 09:14:14,514 [INFO] PluginManager:220 - loadIPPluginJar : add genericplugin
2026-01-13 09:14:14,516 [INFO] IPUIPlugin:80 - create IPUIPlugin
2026-01-13 09:14:14,516 [INFO] PluginManager:220 - loadIPPluginJar : add gfxmmu
2026-01-13 09:14:14,520 [INFO] IPUIPlugin:80 - create IPUIPlugin
2026-01-13 09:14:14,521 [INFO] PluginManager:220 - loadIPPluginJar : add gic
2026-01-13 09:14:14,525 [INFO] IPUIPlugin:80 - create IPUIPlugin
2026-01-13 09:14:14,525 [INFO] PluginManager:220 - loadIPPluginJar : add gpio
2026-01-13 09:14:14,528 [INFO] IPUIPlugin:80 - create IPUIPlugin
2026-01-13 09:14:14,528 [INFO] PluginManager:220 - loadIPPluginJar : add gtzc
2026-01-13 09:14:14,530 [INFO] IPUIPlugin:80 - create IPUIPlugin
2026-01-13 09:14:14,530 [INFO] PluginManager:220 - loadIPPluginJar : add hash
2026-01-13 09:14:14,533 [INFO] IPUIPlugin:80 - create IPUIPlugin
2026-01-13 09:14:14,533 [INFO] PluginManager:220 - loadIPPluginJar : add i2c
2026-01-13 09:14:14,536 [INFO] IPUIPlugin:80 - create IPUIPlugin
2026-01-13 09:14:14,536 [INFO] PluginManager:220 - loadIPPluginJar : add i2s
2026-01-13 09:14:14,539 [INFO] IPUIPlugin:80 - create IPUIPlugin
2026-01-13 09:14:14,539 [INFO] PluginManager:220 - loadIPPluginJar : add i3c
2026-01-13 09:14:14,543 [INFO] IPUIPlugin:80 - create IPUIPlugin
2026-01-13 09:14:14,543 [INFO] PluginManager:220 - loadIPPluginJar : add ipddr
2026-01-13 09:14:14,550 [INFO] IPUIPlugin:80 - create IPUIPlugin
2026-01-13 09:14:14,551 [INFO] PluginManager:220 - loadIPPluginJar : add linkedlist
2026-01-13 09:14:14,554 [INFO] IPUIPlugin:80 - create IPUIPlugin
2026-01-13 09:14:14,554 [INFO] PluginManager:220 - loadIPPluginJar : add lorawan
2026-01-13 09:14:14,556 [INFO] IPUIPlugin:80 - create IPUIPlugin
2026-01-13 09:14:14,556 [INFO] PluginManager:220 - loadIPPluginJar : add ltdc
2026-01-13 09:14:14,561 [INFO] IPUIPlugin:80 - create IPUIPlugin
2026-01-13 09:14:14,561 [INFO] PluginManager:220 - loadIPPluginJar : add mdma
2026-01-13 09:14:14,564 [INFO] IPUIPlugin:80 - create IPUIPlugin
2026-01-13 09:14:14,564 [INFO] PluginManager:220 - loadIPPluginJar : add nvic
2026-01-13 09:14:14,567 [INFO] IPUIPlugin:80 - create IPUIPlugin
2026-01-13 09:14:14,567 [INFO] PluginManager:220 - loadIPPluginJar : add opamp
2026-01-13 09:14:14,569 [INFO] IPUIPlugin:80 - create IPUIPlugin
2026-01-13 09:14:14,570 [INFO] PluginManager:220 - loadIPPluginJar : add openamp
2026-01-13 09:14:14,573 [INFO] IPUIPlugin:80 - create IPUIPlugin
2026-01-13 09:14:14,573 [INFO] PluginManager:220 - loadIPPluginJar : add pdm2pcm
2026-01-13 09:14:14,579 [INFO] IPUIPlugin:80 - create IPUIPlugin
2026-01-13 09:14:14,582 [INFO] PluginManager:220 - loadIPPluginJar : add plateformsettings
2026-01-13 09:14:14,583 [INFO] IPUIPlugin:80 - create IPUIPlugin
2026-01-13 09:14:14,583 [INFO] PluginManager:220 - loadIPPluginJar : add quadspi
2026-01-13 09:14:14,585 [INFO] IPUIPlugin:80 - create IPUIPlugin
2026-01-13 09:14:14,586 [INFO] PluginManager:220 - loadIPPluginJar : add radio
2026-01-13 09:14:14,589 [INFO] IPUIPlugin:80 - create IPUIPlugin
2026-01-13 09:14:14,589 [INFO] PluginManager:220 - loadIPPluginJar : add resmgrutility
2026-01-13 09:14:14,593 [INFO] IPUIPlugin:80 - create IPUIPlugin
2026-01-13 09:14:14,593 [INFO] PluginManager:220 - loadIPPluginJar : add sai
2026-01-13 09:14:14,596 [INFO] IPUIPlugin:80 - create IPUIPlugin
2026-01-13 09:14:14,596 [INFO] PluginManager:220 - loadIPPluginJar : add spi
2026-01-13 09:14:14,600 [INFO] IPUIPlugin:80 - create IPUIPlugin
2026-01-13 09:14:14,601 [INFO] PluginManager:220 - loadIPPluginJar : add stm32_wpan
2026-01-13 09:14:14,602 [INFO] IPUIPlugin:80 - create IPUIPlugin
2026-01-13 09:14:14,602 [INFO] PluginManager:220 - loadIPPluginJar : add tim
2026-01-13 09:14:14,605 [INFO] IPUIPlugin:80 - create IPUIPlugin
2026-01-13 09:14:14,606 [INFO] PluginManager:220 - loadIPPluginJar : add touchsensing
2026-01-13 09:14:14,607 [INFO] IPUIPlugin:80 - create IPUIPlugin
2026-01-13 09:14:14,607 [INFO] PluginManager:220 - loadIPPluginJar : add tracer_emb
2026-01-13 09:14:14,609 [INFO] IPUIPlugin:80 - create IPUIPlugin
2026-01-13 09:14:14,609 [INFO] PluginManager:220 - loadIPPluginJar : add ts
2026-01-13 09:14:14,611 [INFO] IPUIPlugin:80 - create IPUIPlugin
2026-01-13 09:14:14,611 [INFO] PluginManager:220 - loadIPPluginJar : add tsc
2026-01-13 09:14:14,613 [INFO] IPUIPlugin:80 - create IPUIPlugin
2026-01-13 09:14:14,613 [INFO] PluginManager:220 - loadIPPluginJar : add ucpd
2026-01-13 09:14:14,616 [INFO] IPUIPlugin:80 - create IPUIPlugin
2026-01-13 09:14:14,616 [INFO] PluginManager:220 - loadIPPluginJar : add usart
2026-01-13 09:14:14,619 [INFO] IPUIPlugin:80 - create IPUIPlugin
2026-01-13 09:14:14,619 [INFO] PluginManager:220 - loadIPPluginJar : add usbx
2026-01-13 09:14:14,742 [FATAL] Updater:351 - Updater called before beeing initialized
2026-01-13 09:14:14,762 [INFO] RulesReader:64 - Compatibility file has been processed (297 Rules)
2026-01-13 09:14:14,770 [INFO] RulesReader:64 - Compatibility file has been processed (297 Rules)
2026-01-13 09:14:14,777 [INFO] CADModel:165 - CPN selected for project level
2026-01-13 09:14:14,777 [INFO] CADModel:114 - Register for checkConnection events
2026-01-13 09:14:14,777 [FATAL] Updater:351 - Updater called before beeing initialized
2026-01-13 09:14:14,777 [ERROR] CADModel:125 - Updater not yet initialized, retry later 
2026-01-13 09:14:14,911 [FATAL] Updater:351 - Updater called before beeing initialized
2026-01-13 09:14:14,912 [INFO] CADModel:165 - CPN selected for project level
2026-01-13 09:14:14,913 [INFO] CADModel:114 - Register for checkConnection events
2026-01-13 09:14:14,913 [FATAL] Updater:351 - Updater called before beeing initialized
2026-01-13 09:14:14,913 [ERROR] CADModel:125 - Updater not yet initialized, retry later 
2026-01-13 09:14:14,916 [FATAL] Updater:351 - Updater called before beeing initialized
2026-01-13 09:14:15,015 [FATAL] Updater:351 - Updater called before beeing initialized
2026-01-13 09:14:15,019 [INFO] DbMcusAds:53 - JSON generation date=Thu Sep 30 13:55:09 WIB 2021 (1632984909247)
2026-01-13 09:14:15,020 [FATAL] Updater:351 - Updater called before beeing initialized
2026-01-13 09:14:15,050 [WARN] DetailPanel:346 - Failed to get advertising image, set to default
2026-01-13 09:14:15,241 [FATAL] Updater:351 - Updater called before beeing initialized
2026-01-13 09:14:15,243 [FATAL] Updater:351 - Updater called before beeing initialized
2026-01-13 09:14:15,243 [FATAL] Updater:351 - Updater called before beeing initialized
2026-01-13 09:14:15,243 [WARN] DetailPanel:346 - Failed to get advertising image, set to default
2026-01-13 09:14:15,244 [FATAL] Updater:351 - Updater called before beeing initialized
2026-01-13 09:14:15,286 [ERROR] Updater:1198 - MainUpdater not yet initialized. External WinMGr cannot be set.
2026-01-13 09:14:15,288 [INFO] Updater:1134 - Updater Version found : 6.13.0
2026-01-13 09:14:15,304 [INFO] ApplicationProperties:184 - Using Application install path: C:\ST\STM32CubeIDE_1.17.0\STM32CubeIDE\plugins\com.st.stm32cube.common.mx_6.13.0.202411220809
2026-01-13 09:14:16,873 [ERROR] LogOutputStream:75 - [STDERR_REDIRECT] Jan 13, 2026 9:14:16 AM java.util.prefs.WindowsPreferences <init>
2026-01-13 09:14:16,873 [ERROR] LogOutputStream:75 - [STDERR_REDIRECT] WARNING: Could not open/create prefs root node Software\JavaSoft\Prefs at root 0xffffffff80000002. Windows RegCreateKeyEx(...) returned error code 5.
2026-01-13 09:14:16,873 [ERROR] LogOutputStream:75 - [STDERR_REDIRECT] 
2026-01-13 09:14:16,919 [INFO] ThirdPartyUpdaterWithRetryManager:70 - Updater plugin not ready yet. [2/15]
2026-01-13 09:14:17,277 [INFO] MainUpdater:2872 - connection check result : 10
2026-01-13 09:14:17,278 [INFO] MainUpdater:289 - Updater Check For Update Now.
2026-01-13 09:14:17,278 [INFO] MicroXplorer:498 - Change Database Version : DB.6.0.130
2026-01-13 09:14:17,284 [INFO] McuFinderGlobals:63 - Set McuFinder mode to 2 (CubeIDE integrated)
2026-01-13 09:14:17,284 [INFO] UserAuth:171 - activating auth plugin
2026-01-13 09:14:17,287 [INFO] UserAuth:486 - Internet connection configuration mode: 1
2026-01-13 09:14:17,302 [INFO] JxBrowserEngine:152 - Initiate JxBrowser Engine with user profile folder
2026-01-13 09:14:17,443 [INFO] CheckServerUpdateThread:120 - End of CheckServer Thread
2026-01-13 09:14:18,134 [INFO] WebApp:168 - Instantiating new browser for Auth
2026-01-13 09:14:18,886 [INFO] WebApp:449 - Apply proxy settings
2026-01-13 09:14:18,887 [INFO] WebApp:534 - Chromium requires no authentication
2026-01-13 09:14:18,893 [INFO] WebApp:477 - Direct internet connection detected
2026-01-13 09:14:18,920 [INFO] WebApp:880 - Register for checkConnection events
2026-01-13 09:14:18,920 [INFO] WebApp:449 - Apply proxy settings
2026-01-13 09:14:18,920 [INFO] WebApp:534 - Chromium requires no authentication
2026-01-13 09:14:18,921 [INFO] WebApp:477 - Direct internet connection detected
2026-01-13 09:14:19,076 [INFO] WebApp:221 - Starting web application
2026-01-13 09:14:19,077 [INFO] WebApp:579 - Web application path used C:\ST\STM32CubeIDE_1.17.0\STM32CubeIDE\plugins\com.st.stm32cube.common.mx_6.13.0.202411220809\db\plugins\mcufinder\reactClient1\index.html
2026-01-13 09:14:19,211 [INFO] WebApp:187 - Connection restablished
2026-01-13 09:14:20,104 [WARN] PackLoader:240 - Cannot read IP mode file for STMicroelectronics.FP-SNS-MOTENVWB1.1.4.0
2026-01-13 09:14:20,124 [WARN] PackLoader:240 - Cannot read IP mode file for STMicroelectronics.X-CUBE-SMBUS.2.1.0
2026-01-13 09:14:20,140 [WARN] PackLoader:240 - Cannot read IP mode file for STMicroelectronics.X-CUBE-DISPLAY.3.0.0
2026-01-13 09:14:20,167 [WARN] PackLoader:240 - Cannot read IP mode file for STMicroelectronics.X-CUBE-NFC10.1.0.0
2026-01-13 09:14:20,179 [WARN] PackLoader:240 - Cannot read IP mode file for STMicroelectronics.FP-SNS-SMARTAG2.1.2.0
2026-01-13 09:14:20,192 [WARN] PackLoader:240 - Cannot read IP mode file for STMicroelectronics.X-CUBE-BLE2.3.3.0
2026-01-13 09:14:20,204 [WARN] PackLoader:240 - Cannot read IP mode file for STMicroelectronics.X-CUBE-NFC9.1.0.0
2026-01-13 09:14:20,217 [WARN] PackLoader:240 - Cannot read IP mode file for STMicroelectronics.X-CUBE-NFC4.3.0.0
2026-01-13 09:14:20,226 [WARN] PackLoader:240 - Cannot read IP mode file for STMicroelectronics.FP-ATR-SIGFOX1.3.2.0
2026-01-13 09:14:20,235 [WARN] PackLoader:240 - Cannot read IP mode file for STMicroelectronics.X-CUBE-ISPU.2.1.0
2026-01-13 09:14:20,251 [WARN] PackLoader:240 - Cannot read IP mode file for STMicroelectronics.X-CUBE-NFC6.3.1.0
2026-01-13 09:14:20,267 [WARN] PackLoader:240 - Cannot read IP mode file for STMicroelectronics.X-CUBE-SFXS2LP1.4.0.0
2026-01-13 09:14:20,285 [WARN] PackLoader:240 - Cannot read IP mode file for STMicroelectronics.X-CUBE-SUBG2.5.0.0
2026-01-13 09:14:20,298 [WARN] PackLoader:240 - Cannot read IP mode file for STMicroelectronics.X-CUBE-ALS.1.0.2
2026-01-13 09:14:20,299 [INFO] ThirdParty:978 - Integrity check success = true
2026-01-13 09:14:20,300 [INFO] IntegrityCheckThread:100 - exiting critical section [integrity check]
2026-01-13 09:14:20,300 [INFO] IntegrityCheckThread:103 - End integrity checks thread
2026-01-13 09:14:28,725 [ERROR] LogOutputStream:75 - [STDERR_REDIRECT] 
2026-01-13 09:14:28,730 [ERROR] LogOutputStream:75 - [STDERR_REDIRECT] 
