2026-01-09 16:14:22,059 [INFO] Activator:176 - 


2026-01-09 16:14:22,065 [INFO] Activator:177 - !SESSION log4j initialized
2026-01-09 16:14:28,761 [INFO] LogOutputStream:77 - [STDOUT_REDIRECT] 
2026-01-09 16:14:30,781 [INFO] ApplicationProperties:184 - Using Application install path: C:\ST\STM32CubeIDE_1.17.0\STM32CubeIDE\plugins\com.st.stm32cube.common.mx_6.13.0.202411220809
2026-01-09 16:14:30,802 [INFO] DbMcusXml:78 - Set database path to: C:\ST\STM32CubeIDE_1.17.0\STM32CubeIDE\plugins\com.st.stm32cube.common.mx_6.13.0.202411220809\\db\/mcu/
2026-01-09 16:14:30,802 [INFO] ApiDb:274 - Set plugin database path to: C:\ST\STM32CubeIDE_1.17.0\STM32CubeIDE\plugins\com.st.stm32cube.common.mx_6.13.0.202411220809\\db\/plugins/boardmanager/
2026-01-09 16:14:30,802 [WARN] ApiDb:259 - Overriding images path with different value:  => C:\ST\STM32CubeIDE_1.17.0\STM32CubeIDE\plugins\com.st.stm32cube.common.mx_6.13.0.202411220809\\db\/plugins/mcufinder/images/
2026-01-09 16:14:30,814 [INFO] ApiDb:250 - Set database path to: C:\Users\alvin\.stmcufinder\plugins\mcufinder//mcu/
2026-01-09 16:14:30,815 [INFO] DbMcusAds:125 - Set database path to: C:\Users\alvin\.stmcufinder\plugins\mcufinder//mcu/
2026-01-09 16:14:30,818 [INFO] CrossReferenceDbSqlite:203 - Set database path to: C:\Users\alvin\.stmcufinder\plugins\mcufinder//mcu/cs/
2026-01-09 16:14:30,970 [INFO] RulesReader:64 - Compatibility file has been processed (297 Rules)
2026-01-09 16:14:31,077 [INFO] DbMcusXml:78 - Set database path to: C:\ST\STM32CubeIDE_1.17.0\STM32CubeIDE\plugins\com.st.stm32cube.common.mx_6.13.0.202411220809\\db\/mcu/
2026-01-09 16:14:31,077 [INFO] ApiDb:274 - Set plugin database path to: C:\ST\STM32CubeIDE_1.17.0\STM32CubeIDE\plugins\com.st.stm32cube.common.mx_6.13.0.202411220809\\db\/plugins/boardmanager/
2026-01-09 16:14:31,079 [INFO] ApiDb:261 - Set plugin images path to: C:\ST\STM32CubeIDE_1.17.0\STM32CubeIDE\plugins\com.st.stm32cube.common.mx_6.13.0.202411220809\\db\/plugins/mcufinder/images/
2026-01-09 16:14:31,079 [WARN] DbFile:41 - Overriding database path with different value: C:\Users\alvin\.stmcufinder\plugins\mcufinder/ => C:\Users\alvin\.stmcufinder\plugins\mcufinder
2026-01-09 16:14:31,079 [INFO] ApiDb:250 - Set database path to: C:\Users\alvin\.stmcufinder\plugins\mcufinder//mcu/
2026-01-09 16:14:31,079 [WARN] DbFile:41 - Overriding database path with different value: C:\Users\alvin\.stmcufinder\plugins\mcufinder/ => C:\Users\alvin\.stmcufinder\plugins\mcufinder
2026-01-09 16:14:31,079 [INFO] DbMcusAds:125 - Set database path to: C:\Users\alvin\.stmcufinder\plugins\mcufinder//mcu/
2026-01-09 16:14:31,079 [WARN] DbFile:41 - Overriding database path with different value: C:\Users\alvin\.stmcufinder\plugins\mcufinder/ => C:\Users\alvin\.stmcufinder\plugins\mcufinder
2026-01-09 16:14:31,079 [WARN] DbFile:41 - Overriding database path with different value: C:\Users\alvin\.stmcufinder\plugins\mcufinder/ => C:\Users\alvin\.stmcufinder\plugins\mcufinder
2026-01-09 16:14:31,079 [INFO] CrossReferenceDbSqlite:203 - Set database path to: C:\Users\alvin\.stmcufinder\plugins\mcufinder//mcu/cs/
2026-01-09 16:14:31,179 [INFO] MainPanel:272 - HeapMemory: 268435456
2026-01-09 16:14:31,331 [INFO] DbMcusXml:78 - Set database path to: C:\ST\STM32CubeIDE_1.17.0\STM32CubeIDE\plugins\com.st.stm32cube.common.mx_6.13.0.202411220809\\db\/mcu/
2026-01-09 16:14:31,332 [INFO] ApiDb:274 - Set plugin database path to: C:\ST\STM32CubeIDE_1.17.0\STM32CubeIDE\plugins\com.st.stm32cube.common.mx_6.13.0.202411220809\\db\/plugins/boardmanager/
2026-01-09 16:14:31,332 [INFO] ApiDb:261 - Set plugin images path to: C:\ST\STM32CubeIDE_1.17.0\STM32CubeIDE\plugins\com.st.stm32cube.common.mx_6.13.0.202411220809\\db\/plugins/mcufinder/images/
2026-01-09 16:14:31,332 [WARN] DbFile:41 - Overriding database path with different value: C:\Users\alvin\.stmcufinder\plugins\mcufinder/ => C:\Users\alvin\.stmcufinder\plugins\mcufinder
2026-01-09 16:14:31,332 [INFO] ApiDb:250 - Set database path to: C:\Users\alvin\.stmcufinder\plugins\mcufinder//mcu/
2026-01-09 16:14:31,332 [WARN] DbFile:41 - Overriding database path with different value: C:\Users\alvin\.stmcufinder\plugins\mcufinder/ => C:\Users\alvin\.stmcufinder\plugins\mcufinder
2026-01-09 16:14:31,332 [INFO] DbMcusAds:125 - Set database path to: C:\Users\alvin\.stmcufinder\plugins\mcufinder//mcu/
2026-01-09 16:14:31,332 [WARN] DbFile:41 - Overriding database path with different value: C:\Users\alvin\.stmcufinder\plugins\mcufinder/ => C:\Users\alvin\.stmcufinder\plugins\mcufinder
2026-01-09 16:14:31,332 [WARN] DbFile:41 - Overriding database path with different value: C:\Users\alvin\.stmcufinder\plugins\mcufinder/ => C:\Users\alvin\.stmcufinder\plugins\mcufinder
2026-01-09 16:14:31,333 [INFO] CrossReferenceDbSqlite:203 - Set database path to: C:\Users\alvin\.stmcufinder\plugins\mcufinder//mcu/cs/
2026-01-09 16:14:31,359 [INFO] ApplicationProperties:184 - Using Application install path: C:\ST\STM32CubeIDE_1.17.0\STM32CubeIDE\plugins\com.st.stm32cube.common.mx_6.13.0.202411220809
2026-01-09 16:14:31,361 [INFO] PluginManage:196 - Search for loadable plugins [exclusion list=, ]
2026-01-09 16:14:31,363 [INFO] PluginManage:310 - Check plugin analytics
2026-01-09 16:14:31,575 [INFO] AnalyticsPlugin:253 - Accepted Software Licenses: 
2026-01-09 16:14:31,575 [INFO] AnalyticsPlugin:255 - Accepted CMSIS Pack Licenses: 
2026-01-09 16:14:31,575 [INFO] AnalyticsPlugin:257 - Accepted Firmware Licenses: 
2026-01-09 16:14:31,579 [INFO] PluginManage:359 - Loaded plugin analytics (category:tool,tabindex:-1)
2026-01-09 16:14:31,579 [INFO] PluginManage:310 - Check plugin cadmodel
2026-01-09 16:14:31,605 [INFO] CADModel:105 - Init CAD model plugin
2026-01-09 16:14:31,605 [INFO] PluginManage:359 - Loaded plugin cadmodel (category:power,tabindex:5)
2026-01-09 16:14:31,605 [INFO] PluginManage:310 - Check plugin clock
2026-01-09 16:14:31,635 [INFO] PluginManage:359 - Loaded plugin clock (category:base,tabindex:2)
2026-01-09 16:14:31,635 [INFO] PluginManage:310 - Check plugin ddr
2026-01-09 16:14:31,639 [INFO] PluginManage:359 - Loaded plugin ddr (category:tool,tabindex:6)
2026-01-09 16:14:31,639 [INFO] PluginManage:310 - Check plugin filemanager
2026-01-09 16:14:31,798 [INFO] PluginManage:359 - Loaded plugin filemanager (category:base,tabindex:10)
2026-01-09 16:14:31,798 [INFO] PluginManage:310 - Check plugin ipmanager
2026-01-09 16:14:31,807 [INFO] PluginManage:359 - Loaded plugin ipmanager (category:base,tabindex:5)
2026-01-09 16:14:31,807 [INFO] PluginManage:310 - Check plugin lpbam
2026-01-09 16:14:31,834 [INFO] PluginManage:359 - Loaded plugin lpbam (category:base,tabindex:0)
2026-01-09 16:14:31,834 [INFO] PluginManage:310 - Check plugin memorymap
2026-01-09 16:14:31,865 [INFO] PluginManage:359 - Loaded plugin memorymap (category:base,tabindex:4)
2026-01-09 16:14:31,865 [INFO] PluginManage:310 - Check plugin pinoutandconfiguration
2026-01-09 16:14:31,891 [INFO] PluginManage:359 - Loaded plugin pinoutandconfiguration (category:base,tabindex:1)
2026-01-09 16:14:31,891 [INFO] PluginManage:310 - Check plugin pinoutconfig
2026-01-09 16:14:31,998 [WARN] SupportedApi:132 - Cannot load RTOS API schema: s4s-elt-must-match.1: The content of 'definitions' must match (annotation?, (simpleType | complexType)?, (unique | key | keyref)*)). A problem was found starting at: attribute.
2026-01-09 16:14:32,151 [INFO] PluginManage:359 - Loaded plugin pinoutconfig (category:base,tabindex:0)
2026-01-09 16:14:32,151 [INFO] PluginManage:310 - Check plugin power
2026-01-09 16:14:32,182 [INFO] PluginManage:359 - Loaded plugin power (category:power,tabindex:4)
2026-01-09 16:14:32,182 [INFO] PluginManage:310 - Check plugin projectmanager
2026-01-09 16:14:32,201 [INFO] PluginManage:359 - Loaded plugin projectmanager (category:projectmanager,tabindex:4)
2026-01-09 16:14:32,201 [INFO] PluginManage:310 - Check plugin rif
2026-01-09 16:14:32,230 [INFO] PluginManage:359 - Loaded plugin rif (category:base,tabindex:3)
2026-01-09 16:14:32,230 [INFO] PluginManage:310 - Check plugin thirdparty
2026-01-09 16:14:32,612 [WARN] IntegrityCheckThread:84 - waiting for thirdparty lock release [integrity check]
2026-01-09 16:14:32,612 [INFO] PluginManage:359 - Loaded plugin thirdparty (category:base,tabindex:-1)
2026-01-09 16:14:32,612 [INFO] IntegrityCheckThread:86 - entering critical section [integrity check]
2026-01-09 16:14:32,612 [INFO] PluginManage:310 - Check plugin tools
2026-01-09 16:14:32,612 [INFO] ThirdPartyUpdaterWithRetryManager:70 - Updater plugin not ready yet. [1/15]
2026-01-09 16:14:32,674 [INFO] PluginManage:359 - Loaded plugin tools (category:base,tabindex:7)
2026-01-09 16:14:32,674 [INFO] PluginManage:310 - Check plugin tutovideos
2026-01-09 16:14:32,876 [INFO] PluginManage:359 - Loaded plugin tutovideos (category:base,tabindex:-1)
2026-01-09 16:14:32,876 [INFO] PluginManage:310 - Check plugin updater
2026-01-09 16:14:32,899 [INFO] PluginManage:359 - Loaded plugin updater (category:base,tabindex:12)
2026-01-09 16:14:32,899 [INFO] PluginManage:310 - Check plugin userauth
2026-01-09 16:14:32,904 [INFO] UserAuth:118 - Init User Auth plugin
2026-01-09 16:14:32,904 [INFO] PluginManage:359 - Loaded plugin userauth (category:base,tabindex:14)
2026-01-09 16:14:32,904 [INFO] PluginManage:283 - PluginManage : Loaded plugins [18]
2026-01-09 16:14:33,155 [INFO] PinOutPanel:1589 - setPackage(No Configuration,No Configuration)
2026-01-09 16:14:33,257 [INFO] CADModel:165 - CPN selected for project level
2026-01-09 16:14:33,258 [INFO] CADModel:114 - Register for checkConnection events
2026-01-09 16:14:33,292 [INFO] IPUIPlugin:80 - create IPUIPlugin
2026-01-09 16:14:33,292 [INFO] PluginManager:220 - loadIPPluginJar : add adc
2026-01-09 16:14:33,348 [INFO] IPUIPlugin:80 - create IPUIPlugin
2026-01-09 16:14:33,350 [INFO] PluginManager:220 - loadIPPluginJar : add aes
2026-01-09 16:14:33,430 [INFO] IPUIPlugin:80 - create IPUIPlugin
2026-01-09 16:14:33,431 [INFO] PluginManager:220 - loadIPPluginJar : add can
2026-01-09 16:14:33,469 [INFO] IPUIPlugin:80 - create IPUIPlugin
2026-01-09 16:14:33,470 [INFO] PluginManager:220 - loadIPPluginJar : add comp
2026-01-09 16:14:33,513 [INFO] IPUIPlugin:80 - create IPUIPlugin
2026-01-09 16:14:33,513 [INFO] PluginManager:220 - loadIPPluginJar : add cryp
2026-01-09 16:14:33,531 [INFO] IPUIPlugin:80 - create IPUIPlugin
2026-01-09 16:14:33,531 [INFO] PluginManager:220 - loadIPPluginJar : add ddr_ctrl_phy
2026-01-09 16:14:33,572 [INFO] IPUIPlugin:80 - create IPUIPlugin
2026-01-09 16:14:33,574 [INFO] PluginManager:220 - loadIPPluginJar : add dfsdm
2026-01-09 16:14:33,592 [INFO] IPUIPlugin:80 - create IPUIPlugin
2026-01-09 16:14:33,593 [INFO] PluginManager:220 - loadIPPluginJar : add dma
2026-01-09 16:14:33,647 [INFO] IPUIPlugin:80 - create IPUIPlugin
2026-01-09 16:14:33,647 [INFO] PluginManager:220 - loadIPPluginJar : add dma3
2026-01-09 16:14:33,705 [INFO] IPUIPlugin:80 - create IPUIPlugin
2026-01-09 16:14:33,705 [INFO] PluginManager:220 - loadIPPluginJar : add extmemmanager
2026-01-09 16:14:33,734 [INFO] IPUIPlugin:80 - create IPUIPlugin
2026-01-09 16:14:33,734 [INFO] PluginManager:220 - loadIPPluginJar : add fatfs
2026-01-09 16:14:33,793 [INFO] IPUIPlugin:80 - create IPUIPlugin
2026-01-09 16:14:33,793 [INFO] PluginManager:220 - loadIPPluginJar : add fmc
2026-01-09 16:14:33,814 [INFO] IPUIPlugin:80 - create IPUIPlugin
2026-01-09 16:14:33,814 [INFO] PluginManager:220 - loadIPPluginJar : add freertos
2026-01-09 16:14:33,842 [INFO] IPUIPlugin:80 - create IPUIPlugin
2026-01-09 16:14:33,843 [INFO] PluginManager:220 - loadIPPluginJar : add genericplugin
2026-01-09 16:14:33,958 [INFO] IPUIPlugin:80 - create IPUIPlugin
2026-01-09 16:14:33,958 [INFO] PluginManager:220 - loadIPPluginJar : add gfxmmu
2026-01-09 16:14:34,129 [INFO] IPUIPlugin:80 - create IPUIPlugin
2026-01-09 16:14:34,129 [INFO] PluginManager:220 - loadIPPluginJar : add gic
2026-01-09 16:14:34,148 [INFO] IPUIPlugin:80 - create IPUIPlugin
2026-01-09 16:14:34,148 [INFO] PluginManager:220 - loadIPPluginJar : add gpio
2026-01-09 16:14:34,265 [INFO] IPUIPlugin:80 - create IPUIPlugin
2026-01-09 16:14:34,265 [INFO] PluginManager:220 - loadIPPluginJar : add gtzc
2026-01-09 16:14:34,318 [INFO] IPUIPlugin:80 - create IPUIPlugin
2026-01-09 16:14:34,318 [INFO] PluginManager:220 - loadIPPluginJar : add hash
2026-01-09 16:14:34,404 [INFO] IPUIPlugin:80 - create IPUIPlugin
2026-01-09 16:14:34,404 [INFO] PluginManager:220 - loadIPPluginJar : add i2c
2026-01-09 16:14:34,468 [INFO] IPUIPlugin:80 - create IPUIPlugin
2026-01-09 16:14:34,468 [INFO] PluginManager:220 - loadIPPluginJar : add i2s
2026-01-09 16:14:34,522 [INFO] IPUIPlugin:80 - create IPUIPlugin
2026-01-09 16:14:34,522 [INFO] PluginManager:220 - loadIPPluginJar : add i3c
2026-01-09 16:14:34,641 [INFO] IPUIPlugin:80 - create IPUIPlugin
2026-01-09 16:14:34,641 [INFO] PluginManager:220 - loadIPPluginJar : add ipddr
2026-01-09 16:14:34,752 [INFO] IPUIPlugin:80 - create IPUIPlugin
2026-01-09 16:14:34,752 [INFO] PluginManager:220 - loadIPPluginJar : add linkedlist
2026-01-09 16:14:34,797 [INFO] IPUIPlugin:80 - create IPUIPlugin
2026-01-09 16:14:34,797 [INFO] PluginManager:220 - loadIPPluginJar : add lorawan
2026-01-09 16:14:34,849 [INFO] IPUIPlugin:80 - create IPUIPlugin
2026-01-09 16:14:34,849 [INFO] PluginManager:220 - loadIPPluginJar : add ltdc
2026-01-09 16:14:34,869 [INFO] IPUIPlugin:80 - create IPUIPlugin
2026-01-09 16:14:34,869 [INFO] PluginManager:220 - loadIPPluginJar : add mdma
2026-01-09 16:14:34,887 [INFO] IPUIPlugin:80 - create IPUIPlugin
2026-01-09 16:14:34,887 [INFO] PluginManager:220 - loadIPPluginJar : add nvic
2026-01-09 16:14:34,938 [INFO] IPUIPlugin:80 - create IPUIPlugin
2026-01-09 16:14:34,938 [INFO] PluginManager:220 - loadIPPluginJar : add opamp
2026-01-09 16:14:35,013 [INFO] IPUIPlugin:80 - create IPUIPlugin
2026-01-09 16:14:35,013 [INFO] PluginManager:220 - loadIPPluginJar : add openamp
2026-01-09 16:14:35,063 [INFO] IPUIPlugin:80 - create IPUIPlugin
2026-01-09 16:14:35,063 [INFO] PluginManager:220 - loadIPPluginJar : add pdm2pcm
2026-01-09 16:14:35,083 [INFO] IPUIPlugin:80 - create IPUIPlugin
2026-01-09 16:14:35,085 [INFO] PluginManager:220 - loadIPPluginJar : add plateformsettings
2026-01-09 16:14:35,124 [INFO] IPUIPlugin:80 - create IPUIPlugin
2026-01-09 16:14:35,124 [INFO] PluginManager:220 - loadIPPluginJar : add quadspi
2026-01-09 16:14:35,167 [INFO] IPUIPlugin:80 - create IPUIPlugin
2026-01-09 16:14:35,168 [INFO] PluginManager:220 - loadIPPluginJar : add radio
2026-01-09 16:14:35,186 [INFO] IPUIPlugin:80 - create IPUIPlugin
2026-01-09 16:14:35,187 [INFO] PluginManager:220 - loadIPPluginJar : add resmgrutility
2026-01-09 16:14:35,258 [INFO] IPUIPlugin:80 - create IPUIPlugin
2026-01-09 16:14:35,258 [INFO] PluginManager:220 - loadIPPluginJar : add sai
2026-01-09 16:14:35,301 [INFO] IPUIPlugin:80 - create IPUIPlugin
2026-01-09 16:14:35,301 [INFO] PluginManager:220 - loadIPPluginJar : add spi
2026-01-09 16:14:35,377 [INFO] IPUIPlugin:80 - create IPUIPlugin
2026-01-09 16:14:35,377 [INFO] PluginManager:220 - loadIPPluginJar : add stm32_wpan
2026-01-09 16:14:35,410 [INFO] IPUIPlugin:80 - create IPUIPlugin
2026-01-09 16:14:35,411 [INFO] PluginManager:220 - loadIPPluginJar : add tim
2026-01-09 16:14:35,481 [INFO] IPUIPlugin:80 - create IPUIPlugin
2026-01-09 16:14:35,481 [INFO] PluginManager:220 - loadIPPluginJar : add touchsensing
2026-01-09 16:14:35,511 [INFO] IPUIPlugin:80 - create IPUIPlugin
2026-01-09 16:14:35,511 [INFO] PluginManager:220 - loadIPPluginJar : add tracer_emb
2026-01-09 16:14:35,543 [INFO] IPUIPlugin:80 - create IPUIPlugin
2026-01-09 16:14:35,543 [INFO] PluginManager:220 - loadIPPluginJar : add ts
2026-01-09 16:14:35,573 [INFO] IPUIPlugin:80 - create IPUIPlugin
2026-01-09 16:14:35,573 [INFO] PluginManager:220 - loadIPPluginJar : add tsc
2026-01-09 16:14:35,599 [INFO] IPUIPlugin:80 - create IPUIPlugin
2026-01-09 16:14:35,599 [INFO] PluginManager:220 - loadIPPluginJar : add ucpd
2026-01-09 16:14:35,613 [INFO] ThirdPartyUpdaterWithRetryManager:70 - Updater plugin not ready yet. [2/15]
2026-01-09 16:14:35,656 [INFO] IPUIPlugin:80 - create IPUIPlugin
2026-01-09 16:14:35,656 [INFO] PluginManager:220 - loadIPPluginJar : add usart
2026-01-09 16:14:35,707 [INFO] IPUIPlugin:80 - create IPUIPlugin
2026-01-09 16:14:35,707 [INFO] PluginManager:220 - loadIPPluginJar : add usbx
2026-01-09 16:14:35,837 [FATAL] Updater:351 - Updater called before beeing initialized
2026-01-09 16:14:35,878 [INFO] RulesReader:64 - Compatibility file has been processed (297 Rules)
2026-01-09 16:14:35,900 [INFO] RulesReader:64 - Compatibility file has been processed (297 Rules)
2026-01-09 16:14:35,909 [INFO] CADModel:165 - CPN selected for project level
2026-01-09 16:14:35,909 [INFO] CADModel:114 - Register for checkConnection events
2026-01-09 16:14:35,909 [FATAL] Updater:351 - Updater called before beeing initialized
2026-01-09 16:14:35,910 [ERROR] CADModel:125 - Updater not yet initialized, retry later 
2026-01-09 16:14:36,113 [FATAL] Updater:351 - Updater called before beeing initialized
2026-01-09 16:14:36,115 [INFO] CADModel:165 - CPN selected for project level
2026-01-09 16:14:36,115 [INFO] CADModel:114 - Register for checkConnection events
2026-01-09 16:14:36,115 [FATAL] Updater:351 - Updater called before beeing initialized
2026-01-09 16:14:36,116 [ERROR] CADModel:125 - Updater not yet initialized, retry later 
2026-01-09 16:14:36,120 [FATAL] Updater:351 - Updater called before beeing initialized
2026-01-09 16:14:36,242 [FATAL] Updater:351 - Updater called before beeing initialized
2026-01-09 16:14:36,261 [INFO] DbMcusAds:53 - JSON generation date=Thu Sep 30 13:55:09 WIB 2021 (1632984909247)
2026-01-09 16:14:36,261 [FATAL] Updater:351 - Updater called before beeing initialized
2026-01-09 16:14:36,309 [WARN] DetailPanel:346 - Failed to get advertising image, set to default
2026-01-09 16:14:36,616 [FATAL] Updater:351 - Updater called before beeing initialized
2026-01-09 16:14:36,620 [FATAL] Updater:351 - Updater called before beeing initialized
2026-01-09 16:14:36,620 [FATAL] Updater:351 - Updater called before beeing initialized
2026-01-09 16:14:36,620 [WARN] DetailPanel:346 - Failed to get advertising image, set to default
2026-01-09 16:14:36,621 [FATAL] Updater:351 - Updater called before beeing initialized
2026-01-09 16:14:36,688 [ERROR] Updater:1198 - MainUpdater not yet initialized. External WinMGr cannot be set.
2026-01-09 16:14:36,702 [INFO] Updater:1134 - Updater Version found : 6.13.0
2026-01-09 16:14:36,726 [INFO] ApplicationProperties:184 - Using Application install path: C:\ST\STM32CubeIDE_1.17.0\STM32CubeIDE\plugins\com.st.stm32cube.common.mx_6.13.0.202411220809
2026-01-09 16:14:38,314 [ERROR] LogOutputStream:75 - [STDERR_REDIRECT] Jan 09, 2026 4:14:38 PM java.util.prefs.WindowsPreferences <init>
2026-01-09 16:14:38,315 [ERROR] LogOutputStream:75 - [STDERR_REDIRECT] WARNING: Could not open/create prefs root node Software\JavaSoft\Prefs at root 0xffffffff80000002. Windows RegCreateKeyEx(...) returned error code 5.
2026-01-09 16:14:38,315 [ERROR] LogOutputStream:75 - [STDERR_REDIRECT] 
2026-01-09 16:14:38,615 [INFO] ThirdPartyUpdaterWithRetryManager:70 - Updater plugin not ready yet. [3/15]
2026-01-09 16:14:38,940 [INFO] MainUpdater:2872 - connection check result : 10
2026-01-09 16:14:38,941 [INFO] MainUpdater:289 - Updater Check For Update Now.
2026-01-09 16:14:38,942 [INFO] MicroXplorer:498 - Change Database Version : DB.6.0.130
2026-01-09 16:14:39,016 [INFO] McuFinderGlobals:63 - Set McuFinder mode to 2 (CubeIDE integrated)
2026-01-09 16:14:39,016 [INFO] UserAuth:171 - activating auth plugin
2026-01-09 16:14:39,022 [INFO] UserAuth:486 - Internet connection configuration mode: 1
2026-01-09 16:14:39,085 [INFO] JxBrowserEngine:152 - Initiate JxBrowser Engine with user profile folder
2026-01-09 16:14:39,270 [INFO] CheckServerUpdateThread:120 - End of CheckServer Thread
2026-01-09 16:14:40,800 [INFO] WebApp:168 - Instantiating new browser for Auth
2026-01-09 16:14:41,889 [INFO] WebApp:449 - Apply proxy settings
2026-01-09 16:14:41,889 [INFO] WebApp:534 - Chromium requires no authentication
2026-01-09 16:14:41,906 [INFO] WebApp:477 - Direct internet connection detected
2026-01-09 16:14:41,918 [WARN] PackLoader:240 - Cannot read IP mode file for STMicroelectronics.FP-SNS-MOTENVWB1.1.4.0
2026-01-09 16:14:41,948 [INFO] WebApp:880 - Register for checkConnection events
2026-01-09 16:14:41,950 [INFO] WebApp:449 - Apply proxy settings
2026-01-09 16:14:41,950 [WARN] PackLoader:240 - Cannot read IP mode file for STMicroelectronics.X-CUBE-SMBUS.2.1.0
2026-01-09 16:14:41,950 [INFO] WebApp:534 - Chromium requires no authentication
2026-01-09 16:14:41,950 [INFO] WebApp:477 - Direct internet connection detected
2026-01-09 16:14:41,979 [WARN] PackLoader:240 - Cannot read IP mode file for STMicroelectronics.X-CUBE-DISPLAY.3.0.0
2026-01-09 16:14:42,026 [WARN] PackLoader:240 - Cannot read IP mode file for STMicroelectronics.X-CUBE-NFC10.1.0.0
2026-01-09 16:14:42,052 [WARN] PackLoader:240 - Cannot read IP mode file for STMicroelectronics.FP-SNS-SMARTAG2.1.2.0
2026-01-09 16:14:42,086 [WARN] PackLoader:240 - Cannot read IP mode file for STMicroelectronics.X-CUBE-BLE2.3.3.0
2026-01-09 16:14:42,115 [WARN] PackLoader:240 - Cannot read IP mode file for STMicroelectronics.X-CUBE-NFC9.1.0.0
2026-01-09 16:14:42,145 [WARN] PackLoader:240 - Cannot read IP mode file for STMicroelectronics.X-CUBE-NFC4.3.0.0
2026-01-09 16:14:42,170 [WARN] PackLoader:240 - Cannot read IP mode file for STMicroelectronics.FP-ATR-SIGFOX1.3.2.0
2026-01-09 16:14:42,196 [WARN] PackLoader:240 - Cannot read IP mode file for STMicroelectronics.X-CUBE-ISPU.2.1.0
2026-01-09 16:14:42,234 [WARN] PackLoader:240 - Cannot read IP mode file for STMicroelectronics.X-CUBE-NFC6.3.1.0
2026-01-09 16:14:42,252 [INFO] WebApp:187 - Connection restablished
2026-01-09 16:14:42,267 [WARN] PackLoader:240 - Cannot read IP mode file for STMicroelectronics.X-CUBE-SFXS2LP1.4.0.0
2026-01-09 16:14:42,306 [WARN] PackLoader:240 - Cannot read IP mode file for STMicroelectronics.X-CUBE-SUBG2.5.0.0
2026-01-09 16:14:42,343 [WARN] PackLoader:240 - Cannot read IP mode file for STMicroelectronics.X-CUBE-ALS.1.0.2
2026-01-09 16:14:42,345 [INFO] ThirdParty:978 - Integrity check success = true
2026-01-09 16:14:42,345 [INFO] IntegrityCheckThread:100 - exiting critical section [integrity check]
2026-01-09 16:14:42,345 [INFO] IntegrityCheckThread:103 - End integrity checks thread
2026-01-09 16:14:42,385 [INFO] WebApp:221 - Starting web application
2026-01-09 16:14:42,385 [INFO] WebApp:579 - Web application path used C:\ST\STM32CubeIDE_1.17.0\STM32CubeIDE\plugins\com.st.stm32cube.common.mx_6.13.0.202411220809\db\plugins\mcufinder\reactClient1\index.html
2026-01-09 17:00:16,352 [ERROR] LogOutputStream:75 - [STDERR_REDIRECT] 
